#
# There is insufficient memory for the Java Runtime Environment to continue.
# Native memory allocation (mmap) failed to map 65536 bytes. Error detail: Failed to commit metaspace.
# Possible reasons:
#   The system is out of physical RAM or swap space
#   This process is running with CompressedOops enabled, and the Java Heap may be blocking the growth of the native heap
# Possible solutions:
#   Reduce memory load on the system
#   Increase physical memory or swap space
#   Check if swap backing store is full
#   Decrease Java heap size (-Xmx/-Xms)
#   Decrease number of Java threads
#   Decrease Java thread stack sizes (-Xss)
#   Set larger code cache with -XX:ReservedCodeCacheSize=
#   JVM is running with Unscaled Compressed Oops mode in which the Java heap is
#     placed in the first 4GB address space. The Java Heap base address is the
#     maximum limit for the native heap growth. Please use -XX:HeapBaseMinAddress
#     to set the Java Heap base and to place the Java Heap above 4GB virtual address.
# This output file may be truncated or incomplete.
#
#  Out of Memory Error (virtualSpaceNode.cpp:113), pid=2524, tid=15560
#
# JRE version: OpenJDK Runtime Environment Temurin-21.0.10+7 (21.0.10+7) (build 21.0.10+7-LTS)
# Java VM: OpenJDK 64-Bit Server VM Temurin-21.0.10+7 (21.0.10+7-LTS, mixed mode, sharing, tiered, compressed oops, compressed class ptrs, parallel gc, windows-amd64)
# No core dump will be written. Minidumps are not enabled by default on client versions of Windows
#

---------------  S U M M A R Y ------------

Command Line: --add-modules=ALL-SYSTEM --add-opens=java.base/java.util=ALL-UNNAMED --add-opens=java.base/java.lang=ALL-UNNAMED --add-opens=java.base/sun.nio.fs=ALL-UNNAMED -Declipse.application=org.eclipse.jdt.ls.core.id1 -Dosgi.bundles.defaultStartLevel=4 -Declipse.product=org.eclipse.jdt.ls.core.product -Djava.import.generatesMetadataFilesAtProjectRoot=false -DDetectVMInstallationsJob.disabled=true -Dfile.encoding=utf8 -XX:+UseParallelGC -XX:GCTimeRatio=4 -XX:AdaptiveSizePolicyWeight=90 -Dsun.zip.disableMemoryMapping=true -Xmx2G -Xms100m -Xlog:disable -javaagent:c:\Users\DELL\.vscode\extensions\redhat.java-1.54.0-win32-x64\lombok\lombok-1.18.39-4050.jar -XX:+HeapDumpOnOutOfMemoryError -XX:HeapDumpPath=c:\Users\DELL\AppData\Roaming\Code\User\workspaceStorage\0063a4a5fe943814eebfd48d7bf8a6bb\redhat.java -Daether.dependencyCollector.impl=bf c:\Users\DELL\.vscode\extensions\redhat.java-1.54.0-win32-x64\server\plugins\org.eclipse.equinox.launcher_1.7.100.v20251111-0406.jar -configuration c:\Users\DELL\AppData\Roaming\Code\User\globalStorage\redhat.java\1.54.0\config_win -data c:\Users\DELL\AppData\Roaming\Code\User\workspaceStorage\0063a4a5fe943814eebfd48d7bf8a6bb\redhat.java\jdt_ws --pipe=\\.\pipe\lsp-2d30e02911fee167b18c04fb2c9e18be-sock

Host: Intel(R) Core(TM) i5-10310U CPU @ 1.70GHz, 8 cores, 15G,  Windows 11 , 64 bit Build 26100 (10.0.26100.7019)
Time: Mon Jun  8 10:01:46 2026 India Standard Time elapsed time: 7.258516 seconds (0d 0h 0m 7s)

---------------  T H R E A D  ---------------

Current thread (0x000001b8f243c070):  JavaThread "main"             [_thread_in_vm, id=15560, stack(0x00000005cbb00000,0x00000005cbc00000) (1024K)]

Stack: [0x00000005cbb00000,0x00000005cbc00000]
Native frames: (J=compiled Java code, j=interpreted, Vv=VM code, C=native code)
V  [jvm.dll+0x6d7a39]
V  [jvm.dll+0x8b4b26]
V  [jvm.dll+0x8b70de]
V  [jvm.dll+0x8b77c3]
V  [jvm.dll+0x284346]
V  [jvm.dll+0x8b086e]
V  [jvm.dll+0x679444]
V  [jvm.dll+0x6794aa]
V  [jvm.dll+0x67bca6]
V  [jvm.dll+0x67bb72]
V  [jvm.dll+0x679e1e]
V  [jvm.dll+0x26e1f0]
V  [jvm.dll+0x684085]
V  [jvm.dll+0x21955e]
V  [jvm.dll+0x219a05]
V  [jvm.dll+0x21a3f8]
V  [jvm.dll+0x20f62e]
V  [jvm.dll+0x5b644f]
V  [jvm.dll+0x22168e]
V  [jvm.dll+0x82e12d]
V  [jvm.dll+0x82f15b]
V  [jvm.dll+0x82f724]
V  [jvm.dll+0x82f3b8]
V  [jvm.dll+0x271c6d]
V  [jvm.dll+0x3dce3e]
C  0x000001b88754925f

The last pc belongs to new (printed below).
Java frames: (J=compiled Java code, j=interpreted, Vv=VM code)
j  sun.security.rsa.SunRsaSign.<init>()V+13 java.base@21.0.10
j  sun.security.jca.ProviderConfig.getProvider()Ljava/security/Provider;+102 java.base@21.0.10
j  sun.security.jca.ProviderList.getProvider(I)Ljava/security/Provider;+6 java.base@21.0.10
j  sun.security.jca.ProviderList$ServiceList.tryGet(I)Ljava/security/Provider$Service;+205 java.base@21.0.10
j  sun.security.jca.ProviderList$ServiceList$1.hasNext()Z+8 java.base@21.0.10
j  java.security.KeyFactory.nextSpi(Ljava/security/KeyFactorySpi;)Ljava/security/KeyFactorySpi;+41 java.base@21.0.10
j  java.security.KeyFactory.<init>(Ljava/lang/String;)V+39 java.base@21.0.10
j  java.security.KeyFactory.getInstance(Ljava/lang/String;)Ljava/security/KeyFactory;+12 java.base@21.0.10
j  sun.security.x509.X509Key.buildX509Key(Lsun/security/x509/AlgorithmId;Lsun/security/util/BitArray;)Ljava/security/PublicKey;+30 java.base@21.0.10
j  sun.security.x509.X509Key.parse(Lsun/security/util/DerValue;)Ljava/security/PublicKey;+38 java.base@21.0.10
j  sun.security.x509.CertificateX509Key.<init>(Lsun/security/util/DerInputStream;)V+11 java.base@21.0.10
j  sun.security.x509.X509CertInfo.parse(Lsun/security/util/DerValue;)V+182 java.base@21.0.10
j  sun.security.x509.X509CertInfo.<init>(Lsun/security/util/DerValue;)V+67 java.base@21.0.10
j  sun.security.x509.X509CertImpl.parse(Lsun/security/util/DerValue;)V+210 java.base@21.0.10
j  sun.security.x509.X509CertImpl.<init>([B)V+45 java.base@21.0.10
j  sun.security.provider.X509Factory.cachedGetX509Cert([B)Lsun/security/x509/X509CertImpl;+22 java.base@21.0.10
j  sun.security.provider.X509Factory.engineGenerateCertificate(Ljava/io/InputStream;)Ljava/security/cert/Certificate;+33 java.base@21.0.10
j  java.security.cert.CertificateFactory.generateCertificate(Ljava/io/InputStream;)Ljava/security/cert/Certificate;+5 java.base@21.0.10
j  sun.security.pkcs.PKCS7.parseSignedData(Lsun/security/util/DerValue;)V+279 java.base@21.0.10
j  sun.security.pkcs.PKCS7.parse(Lsun/security/util/DerInputStream;Z)V+51 java.base@21.0.10
j  sun.security.pkcs.PKCS7.parse(Lsun/security/util/DerInputStream;)V+11 java.base@21.0.10
j  sun.security.pkcs.PKCS7.<init>([B)V+50 java.base@21.0.10
j  sun.security.util.SignatureFileVerifier.<init>(Ljava/util/ArrayList;Lsun/security/util/ManifestDigester;Ljava/lang/String;[B)V+35 java.base@21.0.10
j  java.util.jar.JarVerifier.processEntry(Lsun/security/util/ManifestEntryVerifier;)V+319 java.base@21.0.10
j  java.util.jar.JarVerifier.update(I[BIILsun/security/util/ManifestEntryVerifier;)V+39 java.base@21.0.10
j  java.util.jar.JarFile.initializeVerifier()V+164 java.base@21.0.10
j  java.util.jar.JarFile.ensureInitialization()V+36 java.base@21.0.10
j  java.util.jar.JavaUtilJarAccessImpl.ensureInitialization(Ljava/util/jar/JarFile;)V+1 java.base@21.0.10
j  jdk.internal.loader.URLClassPath$JarLoader$2.getManifest()Ljava/util/jar/Manifest;+10 java.base@21.0.10
j  jdk.internal.loader.BuiltinClassLoader.defineClass(Ljava/lang/String;Ljdk/internal/loader/Resource;)Ljava/lang/Class;+29 java.base@21.0.10
j  jdk.internal.loader.BuiltinClassLoader.findClassOnClassPathOrNull(Ljava/lang/String;)Ljava/lang/Class;+37 java.base@21.0.10
j  jdk.internal.loader.BuiltinClassLoader.loadClassOrNull(Ljava/lang/String;Z)Ljava/lang/Class;+111 java.base@21.0.10
j  jdk.internal.loader.BuiltinClassLoader.loadClass(Ljava/lang/String;Z)Ljava/lang/Class;+3 java.base@21.0.10
j  jdk.internal.loader.ClassLoaders$AppClassLoader.loadClass(Ljava/lang/String;Z)Ljava/lang/Class;+36 java.base@21.0.10
j  java.lang.ClassLoader.loadClass(Ljava/lang/String;)Ljava/lang/Class;+3 java.base@21.0.10
v  ~StubRoutines::call_stub 0x000001b88753100d
j  java.lang.Class.forName0(Ljava/lang/String;ZLjava/lang/ClassLoader;Ljava/lang/Class;)Ljava/lang/Class;+0 java.base@21.0.10
j  java.lang.Class.forName(Ljava/lang/String;ZLjava/lang/ClassLoader;Ljava/lang/Class;)Ljava/lang/Class;+37 java.base@21.0.10
j  java.lang.Class.forName(Ljava/lang/String;ZLjava/lang/ClassLoader;)Ljava/lang/Class;+20 java.base@21.0.10
j  sun.launcher.LauncherHelper.loadMainClass(ILjava/lang/String;)Ljava/lang/Class;+95 java.base@21.0.10
j  sun.launcher.LauncherHelper.checkAndLoadMain(ZILjava/lang/String;)Ljava/lang/Class;+42 java.base@21.0.10
v  ~StubRoutines::call_stub 0x000001b88753100d
new  187 new  [0x000001b8875490e0, 0x000001b8875492e8]  520 bytes
[MachCode]
  0x000001b8875490e0: 4883 ec08 | c5fa 1104 | 24eb 1f48 | 83ec 10c5 | fb11 0424 | eb14 4883 | ec10 4889 | 0424 48c7 
  0x000001b887549100: 4424 0800 | 0000 00eb | 0150 410f | b755 010f | cac1 ea10 | 488b 4de8 | 488b 4908 | 488b 4908 
  0x000001b887549120: 488b 4108 | 807c 1004 | 070f 85d3 | 0000 0066 | 8b54 d148 | 488b 4928 | 488b 4cd1 | 0851 80b9 
  0x000001b887549140: 3101 0000 | 040f 85b6 | 0000 008b | 5108 f6c2 | 010f 85aa | 0000 0049 | 8b87 b801 | 0000 488d 
  0x000001b887549160: 1c10 493b | 9fc8 0100 | 000f 8792 | 0000 0049 | 899f b801 | 0000 4883 | ea10 0f84 | 0f00 0000 
  0x000001b887549180: 33c9 c1ea | 0348 894c | d008 48ff | ca75 f648 | c700 0100 | 0000 5933 | f689 700c | 49ba 0000 
  0x000001b8875491a0: 008f b801 | 0000 492b | ca89 4808 | 49ba c75c | 7fce fb7f | 0000 4180 | 3a00 0f84 | 3c00 0000 
  0x000001b8875491c0: 5048 8bc8 | 4883 ec20 | 40f6 c40f | 0f84 1900 | 0000 4883 | ec08 48b8 | 90e1 28ce | fb7f 0000 
  0x000001b8875491e0: ffd0 4883 | c408 e90c | 0000 0048 | b890 e128 | cefb 7f00 | 00ff d048 | 83c4 2058 | e9cb 0000 
  0x000001b887549200: 0059 488b | 55e8 488b | 5208 488b | 5208 450f | b745 0141 | 0fc8 41c1 | e810 e805 | 0000 00e9 
  0x000001b887549220: a800 0000 | 488d 4424 | 084c 896d | c049 8bcf | c5f8 7749 | 89af b003 | 0000 4989 | 87a0 0300 
  0x000001b887549240: 0048 83ec | 2040 f6c4 | 0f0f 8419 | 0000 0048 | 83ec 0848 | b8f0 cdf2 | cdfb 7f00 | 00ff d048 
  0x000001b887549260: 83c4 08e9 | 0c00 0000 | 48b8 f0cd | f2cd fb7f | 0000 ffd0 | 4883 c420 | 49c7 87a0 | 0300 0000 
  0x000001b887549280: 0000 0049 | c787 b003 | 0000 0000 | 0000 49c7 | 87a8 0300 | 0000 0000 | 00c5 f877 | 4983 7f08 
  0x000001b8875492a0: 000f 8405 | 0000 00e9 | 547c feff | 498b 87f8 | 0300 0049 | c787 f803 | 0000 0000 | 0000 4c8b 
  0x000001b8875492c0: 6dc0 4c8b | 75c8 4e8d | 74f5 00c3 | 410f b65d | 0349 83c5 | 0349 ba10 | 2582 cefb | 7f00 0041 
  0x000001b8875492e0: ff24 da0f | 1f44 0000 
[/MachCode]

---------------  P R O C E S S  ---------------

Threads class SMR info:
_java_thread_list=0x000001b8fde2f4f0, length=11, elements={
0x000001b8f243c070, 0x000001b8f49dc750, 0x000001b8f49de8d0, 0x000001b8f4897420,
0x000001b8f48984d0, 0x000001b8f48a0bc0, 0x000001b8f489fea0, 0x000001b8f48a9ef0,
0x000001b8fdba36e0, 0x000001b8f48a0530, 0x000001b8f489f810
}

Java Threads: ( => current thread )
=>0x000001b8f243c070 JavaThread "main"                              [_thread_in_vm, id=15560, stack(0x00000005cbb00000,0x00000005cbc00000) (1024K)]
  0x000001b8f49dc750 JavaThread "Reference Handler"          daemon [_thread_blocked, id=4692, stack(0x00000005cbf00000,0x00000005cc000000) (1024K)]
  0x000001b8f49de8d0 JavaThread "Finalizer"                  daemon [_thread_blocked, id=4280, stack(0x00000005cc000000,0x00000005cc100000) (1024K)]
  0x000001b8f4897420 JavaThread "Signal Dispatcher"          daemon [_thread_blocked, id=12420, stack(0x00000005cc100000,0x00000005cc200000) (1024K)]
  0x000001b8f48984d0 JavaThread "Attach Listener"            daemon [_thread_blocked, id=12904, stack(0x00000005cc200000,0x00000005cc300000) (1024K)]
  0x000001b8f48a0bc0 JavaThread "Service Thread"             daemon [_thread_blocked, id=5588, stack(0x00000005cc300000,0x00000005cc400000) (1024K)]
  0x000001b8f489fea0 JavaThread "Monitor Deflation Thread"   daemon [_thread_blocked, id=14716, stack(0x00000005cc400000,0x00000005cc500000) (1024K)]
  0x000001b8f48a9ef0 JavaThread "C2 CompilerThread0"         daemon [_thread_blocked, id=14524, stack(0x00000005cc500000,0x00000005cc600000) (1024K)]
  0x000001b8fdba36e0 JavaThread "C1 CompilerThread0"         daemon [_thread_in_vm, id=16112, stack(0x00000005cc600000,0x00000005cc700000) (1024K)]
  0x000001b8f48a0530 JavaThread "Common-Cleaner"             daemon [_thread_blocked, id=16312, stack(0x00000005cc800000,0x00000005cc900000) (1024K)]
  0x000001b8f489f810 JavaThread "Notification Thread"        daemon [_thread_blocked, id=1724, stack(0x00000005cc700000,0x00000005cc800000) (1024K)]
Total: 11

Other Threads:
  0x000001b8f48934d0 VMThread "VM Thread"                           [id=11172, stack(0x00000005cbe00000,0x00000005cbf00000) (1024K)] _threads_hazard_ptr=0x000001b8fde2f4f0
  0x000001b8f47aba00 WatcherThread "VM Periodic Task Thread"        [id=7412, stack(0x00000005cbd00000,0x00000005cbe00000) (1024K)]
  0x000001b8f4940040 WorkerThread "GC Thread#0"                     [id=15792, stack(0x00000005cbc00000,0x00000005cbd00000) (1024K)]
Total: 3

Threads with active compile tasks:
C1 CompilerThread0  7394  610       3       jdk.internal.org.objectweb.asm.ByteVector::putInt (74 bytes)
Total: 1

VM state: synchronizing (normal execution)

VM Mutex/Monitor currently owned by a thread:  ([mutex/lock_event])
[0x00007ffbce80c4e0] Metaspace_lock - owner thread: 0x000001b8f243c070
[0x00007ffbce80e560] Threads_lock - owner thread: 0x000001b8f48934d0

Heap address: 0x0000000080000000, size: 2048 MB, Compressed Oops mode: 32-bit

CDS archive(s) mapped at: [0x000001b88f000000-0x000001b88fba0000-0x000001b88fba0000), size 12189696, SharedBaseAddress: 0x000001b88f000000, ArchiveRelocationMode: 1.
Compressed class space mapped at: 0x000001b890000000-0x000001b8d0000000, reserved size: 1073741824
Narrow klass base: 0x000001b88f000000, Narrow klass shift: 0, Narrow klass range: 0x100000000

GC Precious Log:
 CardTable entry size: 512
 CPUs: 8 total, 8 available
 Memory: 15984M
 Large Page Support: Disabled
 NUMA Support: Disabled
 Compressed Oops: Enabled (32-bit)
 Alignments: Space 512K, Generation 512K, Heap 2M
 Heap Min Capacity: 100M
 Heap Initial Capacity: 100M
 Heap Max Capacity: 2G
 Pre-touch: Disabled
 Parallel Workers: 8

Heap:
 PSYoungGen      total 29696K, used 11283K [0x00000000d5580000, 0x00000000d7680000, 0x0000000100000000)
  eden space 25600K, 44% used [0x00000000d5580000,0x00000000d6084f40,0x00000000d6e80000)
  from space 4096K, 0% used [0x00000000d7280000,0x00000000d7280000,0x00000000d7680000)
  to   space 4096K, 0% used [0x00000000d6e80000,0x00000000d6e80000,0x00000000d7280000)
 ParOldGen       total 68608K, used 0K [0x0000000080000000, 0x0000000084300000, 0x00000000d5580000)
  object space 68608K, 0% used [0x0000000080000000,0x0000000080000000,0x0000000084300000)
 Metaspace       used 1830K, committed 1984K, reserved 1114112K
  class space    used 178K, committed 256K, reserved 1048576K

Card table byte_map: [0x000001b8f42c0000,0x000001b8f46d0000] _byte_map_base: 0x000001b8f3ec0000

Marking Bits: (ParMarkBitMap*) 0x00007ffbce813450
 Begin Bits: [0x000001b8f7dd0000, 0x000001b8f9dd0000)
 End Bits:   [0x000001b8f9dd0000, 0x000001b8fbdd0000)

Polling page: 0x000001b8f26f0000

Metaspace:

Usage:
  Non-class:      1.61 MB used.
      Class:    178.70 KB used.
       Both:      1.79 MB used.

Virtual space:
  Non-class space:       64.00 MB reserved,       1.69 MB (  3%) committed,  1 nodes.
      Class space:        1.00 GB reserved,     256.00 KB ( <1%) committed,  1 nodes.
             Both:        1.06 GB reserved,       1.94 MB ( <1%) committed. 

Chunk freelists:
   Non-Class:  11.65 MB
       Class:  15.67 MB
        Both:  27.32 MB

MaxMetaspaceSize: unlimited
CompressedClassSpaceSize: 1.00 GB
Initial GC threshold: 21.00 MB
Current GC threshold: 21.00 MB
CDS: on
 - commit_granule_bytes: 65536.
 - commit_granule_words: 8192.
 - virtual_space_node_default_size: 8388608.
 - enlarge_chunks_in_place: 1.
 - use_allocation_guard: 0.


Internal statistics:

num_allocs_failed_limit: 0.
num_arena_births: 78.
num_arena_deaths: 0.
num_vsnodes_births: 2.
num_vsnodes_deaths: 0.
num_space_committed: 31.
num_space_uncommitted: 0.
num_chunks_returned_to_freelist: 0.
num_chunks_taken_from_freelist: 100.
num_chunk_merges: 0.
num_chunk_splits: 70.
num_chunks_enlarged: 45.
num_inconsistent_stats: 0.

CodeHeap 'non-profiled nmethods': size=120000Kb used=213Kb max_used=213Kb free=119786Kb
 bounds [0x000001b887ad0000, 0x000001b887d40000, 0x000001b88f000000]
CodeHeap 'profiled nmethods': size=120000Kb used=897Kb max_used=897Kb free=119102Kb
 bounds [0x000001b880000000, 0x000001b880270000, 0x000001b887530000]
CodeHeap 'non-nmethods': size=5760Kb used=1160Kb max_used=1175Kb free=4599Kb
 bounds [0x000001b887530000, 0x000001b8877a0000, 0x000001b887ad0000]
CodeCache: size=245760Kb, used=2270Kb, max_used=2285Kb, free=243487Kb
 total_blobs=1018, nmethods=608, adapters=317, full_count=0
Compilation: enabled, stopped_count=0, restarted_count=0

Compilation events (20 events):
Event: 5.203 Thread 0x000001b8fdba36e0  599       3       java.lang.Byte::<init> (10 bytes)
Event: 5.204 Thread 0x000001b8fdba36e0 nmethod 599 0x000001b8800daf10 code [0x000001b8800db0c0, 0x000001b8800db288]
Event: 5.208 Thread 0x000001b8f48a9ef0 nmethod 584 0x000001b887b03410 code [0x000001b887b035e0, 0x000001b887b03c88]
Event: 5.208 Thread 0x000001b8f48a9ef0  595       4       java.util.ArrayList$Itr::hasNext (20 bytes)
Event: 5.210 Thread 0x000001b8f48a9ef0 nmethod 595 0x000001b887b04090 code [0x000001b887b04220, 0x000001b887b042d8]
Event: 5.210 Thread 0x000001b8f48a9ef0  600       4       java.util.HashMap$HashIterator::<init> (79 bytes)
Event: 5.212 Thread 0x000001b8fdba36e0  601       3       java.util.concurrent.ConcurrentHashMap$Node::<init> (14 bytes)
Event: 5.212 Thread 0x000001b8fdba36e0 nmethod 601 0x000001b8800db390 code [0x000001b8800db540, 0x000001b8800db758]
Event: 5.212 Thread 0x000001b8fdba36e0  603       3       sun.security.util.ObjectIdentifier::checkOidSize (86 bytes)
Event: 5.215 Thread 0x000001b8fdba36e0 nmethod 603 0x000001b8800db890 code [0x000001b8800dbba0, 0x000001b8800dc868]
Event: 5.215 Thread 0x000001b8fdba36e0  602       3       sun.security.util.ObjectIdentifier::checkOtherComponent (41 bytes)
Event: 5.216 Thread 0x000001b8fdba36e0 nmethod 602 0x000001b8800dcd90 code [0x000001b8800dcfe0, 0x000001b8800dd680]
Event: 5.216 Thread 0x000001b8fdba36e0  604       3       java.lang.invoke.MethodHandles$Lookup::lookupClassOrNull (17 bytes)
Event: 5.217 Thread 0x000001b8fdba36e0 nmethod 604 0x000001b8800dd990 code [0x000001b8800ddb40, 0x000001b8800ddcc8]
Event: 5.227 Thread 0x000001b8fdba36e0  608       3       jdk.internal.org.objectweb.asm.Frame::getAbstractTypeFromDescriptor (415 bytes)
Event: 5.229 Thread 0x000001b8f48a9ef0 nmethod 600 0x000001b887b04b10 code [0x000001b887b04ca0, 0x000001b887b04fe0]
Event: 5.229 Thread 0x000001b8f48a9ef0  605       4       java.util.Collections$UnmodifiableCollection$1::hasNext (10 bytes)
Event: 5.231 Thread 0x000001b8f48a9ef0 nmethod 605 0x000001b887b05110 code [0x000001b887b052a0, 0x000001b887b05380]
Event: 5.231 Thread 0x000001b8fdba36e0 nmethod 608 0x000001b8800ddd90 code [0x000001b8800de140, 0x000001b8800dfbc0]
Event: 5.231 Thread 0x000001b8fdba36e0  610       3       jdk.internal.org.objectweb.asm.ByteVector::putInt (74 bytes)

GC Heap History (0 events):
No events

Dll operation events (8 events):
Event: 0.031 Loaded shared library c:\Users\DELL\.vscode\extensions\redhat.java-1.54.0-win32-x64\jre\21.0.10-win32-x86_64\bin\java.dll
Event: 0.565 Loaded shared library c:\Users\DELL\.vscode\extensions\redhat.java-1.54.0-win32-x64\jre\21.0.10-win32-x86_64\bin\zip.dll
Event: 0.626 Loaded shared library C:\Users\DELL\.vscode\extensions\redhat.java-1.54.0-win32-x64\jre\21.0.10-win32-x86_64\bin\instrument.dll
Event: 0.636 Loaded shared library C:\Users\DELL\.vscode\extensions\redhat.java-1.54.0-win32-x64\jre\21.0.10-win32-x86_64\bin\net.dll
Event: 0.640 Loaded shared library C:\Users\DELL\.vscode\extensions\redhat.java-1.54.0-win32-x64\jre\21.0.10-win32-x86_64\bin\nio.dll
Event: 0.645 Loaded shared library C:\Users\DELL\.vscode\extensions\redhat.java-1.54.0-win32-x64\jre\21.0.10-win32-x86_64\bin\zip.dll
Event: 0.673 Loaded shared library C:\Users\DELL\.vscode\extensions\redhat.java-1.54.0-win32-x64\jre\21.0.10-win32-x86_64\bin\jimage.dll
Event: 1.776 Loaded shared library c:\Users\DELL\.vscode\extensions\redhat.java-1.54.0-win32-x64\jre\21.0.10-win32-x86_64\bin\verify.dll

Deoptimization events (20 events):
Event: 4.201 Thread 0x000001b8f243c070 DEOPT PACKING pc=0x000001b880046418 sp=0x00000005cbbfcd80
Event: 4.201 Thread 0x000001b8f243c070 DEOPT UNPACKING pc=0x000001b887584242 sp=0x00000005cbbfc240 mode 0
Event: 4.205 Thread 0x000001b8f243c070 DEOPT PACKING pc=0x000001b880046418 sp=0x00000005cbbfc8e0
Event: 4.205 Thread 0x000001b8f243c070 DEOPT UNPACKING pc=0x000001b887584242 sp=0x00000005cbbfbda0 mode 0
Event: 4.207 Thread 0x000001b8f243c070 DEOPT PACKING pc=0x000001b880046418 sp=0x00000005cbbfadd0
Event: 4.207 Thread 0x000001b8f243c070 DEOPT UNPACKING pc=0x000001b887584242 sp=0x00000005cbbfa290 mode 0
Event: 4.210 Thread 0x000001b8f243c070 DEOPT PACKING pc=0x000001b880046418 sp=0x00000005cbbfaa30
Event: 4.210 Thread 0x000001b8f243c070 DEOPT UNPACKING pc=0x000001b887584242 sp=0x00000005cbbf9ef0 mode 0
Event: 4.211 Thread 0x000001b8f243c070 DEOPT PACKING pc=0x000001b880046418 sp=0x00000005cbbfb350
Event: 4.211 Thread 0x000001b8f243c070 DEOPT UNPACKING pc=0x000001b887584242 sp=0x00000005cbbfa810 mode 0
Event: 5.082 Thread 0x000001b8f243c070 DEOPT PACKING pc=0x000001b880046418 sp=0x00000005cbbfb350
Event: 5.082 Thread 0x000001b8f243c070 DEOPT UNPACKING pc=0x000001b887584242 sp=0x00000005cbbfa810 mode 0
Event: 5.085 Thread 0x000001b8f243c070 DEOPT PACKING pc=0x000001b880046418 sp=0x00000005cbbfc960
Event: 5.085 Thread 0x000001b8f243c070 DEOPT UNPACKING pc=0x000001b887584242 sp=0x00000005cbbfbe20 mode 0
Event: 5.093 Thread 0x000001b8f243c070 DEOPT PACKING pc=0x000001b880046418 sp=0x00000005cbbfc210
Event: 5.093 Thread 0x000001b8f243c070 DEOPT UNPACKING pc=0x000001b887584242 sp=0x00000005cbbfb6d0 mode 0
Event: 5.097 Thread 0x000001b8f243c070 DEOPT PACKING pc=0x000001b880046418 sp=0x00000005cbbfc720
Event: 5.097 Thread 0x000001b8f243c070 DEOPT UNPACKING pc=0x000001b887584242 sp=0x00000005cbbfbbe0 mode 0
Event: 5.114 Thread 0x000001b8f243c070 DEOPT PACKING pc=0x000001b880046418 sp=0x00000005cbbfb130
Event: 5.114 Thread 0x000001b8f243c070 DEOPT UNPACKING pc=0x000001b887584242 sp=0x00000005cbbfa5f0 mode 0

Classes loaded (20 events):
Event: 5.225 Loading class sun/security/x509/X509Key done
Event: 5.225 Loading class sun/security/util/BitArray
Event: 5.225 Loading class sun/security/util/BitArray done
Event: 5.226 Loading class java/security/spec/X509EncodedKeySpec
Event: 5.226 Loading class java/security/spec/EncodedKeySpec
Event: 5.226 Loading class java/security/spec/KeySpec
Event: 5.226 Loading class java/security/spec/KeySpec done
Event: 5.226 Loading class java/security/spec/EncodedKeySpec done
Event: 5.226 Loading class java/security/spec/X509EncodedKeySpec done
Event: 5.226 Loading class jdk/internal/access/JavaSecuritySpecAccess
Event: 5.226 Loading class jdk/internal/access/JavaSecuritySpecAccess done
Event: 5.228 Loading class java/security/KeyFactory
Event: 5.228 Loading class java/security/KeyFactory done
Event: 5.228 Loading class sun/security/jca/ProviderList$ServiceList
Event: 5.229 Loading class sun/security/jca/ProviderList$ServiceList done
Event: 5.229 Loading class sun/security/jca/ProviderList$ServiceList$1
Event: 5.229 Loading class sun/security/jca/ProviderList$ServiceList$1 done
Event: 5.229 Loading class sun/security/rsa/SunRsaSign
Event: 5.230 Loading class sun/security/rsa/SunRsaSign done
Event: 5.230 Loading class sun/security/rsa/SunRsaSignEntries

Classes unloaded (0 events):
No events

Classes redefined (0 events):
No events

Internal exceptions (12 events):
Event: 0.557 Thread 0x000001b8f243c070 Exception <a 'java/lang/NoSuchMethodError'{0x00000000d57a93d8}: 'void java.lang.invoke.DirectMethodHandle$Holder.invokeStatic(java.lang.Object, java.lang.Object, java.lang.Object)'> (0x00000000d57a93d8) 
thrown [s\src\hotspot\share\interpreter\linkResolver.cpp, line 773]
Event: 0.665 Thread 0x000001b8f243c070 Exception <a 'java/lang/NoSuchMethodError'{0x00000000d59121c8}: 'java.lang.Object java.lang.invoke.Invokers$Holder.invokeExact_MT(java.lang.Object, java.lang.Object, java.lang.Object, java.lang.Object, java.lang.Object)'> (0x00000000d59121c8) 
thrown [s\src\hotspot\share\interpreter\linkResolver.cpp, line 773]
Event: 0.708 Thread 0x000001b8f243c070 Exception <a 'java/lang/NoSuchMethodError'{0x00000000d59ca220}: 'int java.lang.invoke.DirectMethodHandle$Holder.invokeSpecial(java.lang.Object, java.lang.Object, java.lang.Object, int)'> (0x00000000d59ca220) 
thrown [s\src\hotspot\share\interpreter\linkResolver.cpp, line 773]
Event: 0.711 Thread 0x000001b8f243c070 Exception <a 'java/lang/NoSuchMethodError'{0x00000000d59dcc08}: 'java.lang.Object java.lang.invoke.DirectMethodHandle$Holder.invokeStatic(java.lang.Object, java.lang.Object, java.lang.Object, java.lang.Object, int)'> (0x00000000d59dcc08) 
thrown [s\src\hotspot\share\interpreter\linkResolver.cpp, line 773]
Event: 0.713 Thread 0x000001b8f243c070 Exception <a 'java/lang/NoSuchMethodError'{0x00000000d59e8048}: 'void java.lang.invoke.DelegatingMethodHandle$Holder.reinvoke_L(java.lang.Object, java.lang.Object, java.lang.Object, int, java.lang.Object)'> (0x00000000d59e8048) 
thrown [s\src\hotspot\share\interpreter\linkResolver.cpp, line 773]
Event: 0.716 Thread 0x000001b8f243c070 Exception <a 'java/lang/NoSuchMethodError'{0x00000000d59f8998}: 'int java.lang.invoke.DirectMethodHandle$Holder.invokeSpecial(java.lang.Object, java.lang.Object, java.lang.Object)'> (0x00000000d59f8998) 
thrown [s\src\hotspot\share\interpreter\linkResolver.cpp, line 773]
Event: 0.718 Thread 0x000001b8f243c070 Exception <a 'java/lang/NoSuchMethodError'{0x00000000d5a04658}: 'java.lang.Object java.lang.invoke.DirectMethodHandle$Holder.invokeStatic(java.lang.Object, java.lang.Object, int)'> (0x00000000d5a04658) 
thrown [s\src\hotspot\share\interpreter\linkResolver.cpp, line 773]
Event: 0.719 Thread 0x000001b8f243c070 Exception <a 'java/lang/NoSuchMethodError'{0x00000000d5a08fa8}: 'void java.lang.invoke.DirectMethodHandle$Holder.invokeStatic(java.lang.Object, java.lang.Object, int, java.lang.Object)'> (0x00000000d5a08fa8) 
thrown [s\src\hotspot\share\interpreter\linkResolver.cpp, line 773]
Event: 0.720 Thread 0x000001b8f243c070 Exception <a 'java/lang/NoSuchMethodError'{0x00000000d5a0cb38}: 'void java.lang.invoke.DirectMethodHandle$Holder.invokeSpecial(java.lang.Object, java.lang.Object, java.lang.Object, int, java.lang.Object)'> (0x00000000d5a0cb38) 
thrown [s\src\hotspot\share\interpreter\linkResolver.cpp, line 773]
Event: 0.720 Thread 0x000001b8f243c070 Exception <a 'java/lang/NoSuchMethodError'{0x00000000d5a0ffa8}: 'void java.lang.invoke.DelegatingMethodHandle$Holder.delegate(java.lang.Object, java.lang.Object, int, java.lang.Object)'> (0x00000000d5a0ffa8) 
thrown [s\src\hotspot\share\interpreter\linkResolver.cpp, line 773]
Event: 1.851 Thread 0x000001b8f243c070 Exception <a 'java/lang/NoSuchMethodError'{0x00000000d5bd23b8}: 'void java.lang.invoke.DelegatingMethodHandle$Holder.reinvoke_L(java.lang.Object, java.lang.Object, java.lang.Object, int)'> (0x00000000d5bd23b8) 
thrown [s\src\hotspot\share\interpreter\linkResolver.cpp, line 773]
Event: 5.227 Thread 0x000001b8f243c070 Exception <a 'java/lang/NoSuchMethodError'{0x00000000d605efd0}: 'void java.lang.invoke.DirectMethodHandle$Holder.invokeVirtual(java.lang.Object, java.lang.Object)'> (0x00000000d605efd0) 
thrown [s\src\hotspot\share\interpreter\linkResolver.cpp, line 773]

ZGC Phase Switch (0 events):
No events

VM Operations (11 events):
Event: 0.563 Executing non-safepoint VM operation: HandshakeAllThreads (Deoptimize)
Event: 0.563 Executing non-safepoint VM operation: HandshakeAllThreads (Deoptimize) done
Event: 0.686 Executing non-safepoint VM operation: HandshakeAllThreads (Deoptimize)
Event: 0.687 Executing non-safepoint VM operation: HandshakeAllThreads (Deoptimize) done
Event: 1.699 Executing safepoint VM operation: Cleanup
Event: 1.777 Executing safepoint VM operation: Cleanup done
Event: 2.786 Executing safepoint VM operation: Cleanup
Event: 2.881 Executing safepoint VM operation: Cleanup done
Event: 4.888 Executing safepoint VM operation: Cleanup
Event: 4.888 Executing safepoint VM operation: Cleanup done
Event: 5.891 Executing safepoint VM operation: Cleanup

Memory protections (0 events):
No events

Nmethod flushes (0 events):
No events

Events (13 events):
Event: 0.438 Thread 0x000001b8f243c070 Thread added: 0x000001b8f243c070
Event: 0.486 Thread 0x000001b8f243c070 Thread added: 0x000001b8f49dc750
Event: 0.486 Thread 0x000001b8f243c070 Thread added: 0x000001b8f49de8d0
Event: 0.486 Thread 0x000001b8f243c070 Thread added: 0x000001b8f4897420
Event: 0.486 Thread 0x000001b8f243c070 Thread added: 0x000001b8f48984d0
Event: 0.487 Thread 0x000001b8f243c070 Thread added: 0x000001b8f48a0bc0
Event: 0.487 Thread 0x000001b8f243c070 Thread added: 0x000001b8f489fea0
Event: 0.487 Thread 0x000001b8f243c070 Thread added: 0x000001b8f48a9ef0
Event: 0.494 Thread 0x000001b8f243c070 Thread added: 0x000001b8fdba36e0
Event: 0.600 Thread 0x000001b8fdba36e0 Thread added: 0x000001b8fdd27520
Event: 0.630 Thread 0x000001b8f243c070 Thread added: 0x000001b8f48a0530
Event: 1.786 Thread 0x000001b8fdd27520 Thread exited: 0x000001b8fdd27520
Event: 4.189 Thread 0x000001b8f243c070 Thread added: 0x000001b8f489f810


Dynamic libraries:
0x00007ff6946f0000 - 0x00007ff6946fe000 	c:\Users\DELL\.vscode\extensions\redhat.java-1.54.0-win32-x64\jre\21.0.10-win32-x86_64\bin\java.exe
0x00007ffc72ea0000 - 0x00007ffc73108000 	C:\WINDOWS\SYSTEM32\ntdll.dll
0x00007ffc72070000 - 0x00007ffc72139000 	C:\WINDOWS\System32\KERNEL32.DLL
0x00007ffc70320000 - 0x00007ffc70718000 	C:\WINDOWS\System32\KERNELBASE.dll
0x00007ffc70ac0000 - 0x00007ffc70c0b000 	C:\WINDOWS\System32\ucrtbase.dll
0x00007ffbfb450000 - 0x00007ffbfb468000 	c:\Users\DELL\.vscode\extensions\redhat.java-1.54.0-win32-x64\jre\21.0.10-win32-x86_64\bin\jli.dll
0x00007ffbf8970000 - 0x00007ffbf898e000 	c:\Users\DELL\.vscode\extensions\redhat.java-1.54.0-win32-x64\jre\21.0.10-win32-x86_64\bin\VCRUNTIME140.dll
0x00007ffc72600000 - 0x00007ffc727c7000 	C:\WINDOWS\System32\USER32.dll
0x00007ffc70c10000 - 0x00007ffc70c37000 	C:\WINDOWS\System32\win32u.dll
0x00007ffc5f810000 - 0x00007ffc5faa4000 	C:\WINDOWS\WinSxS\amd64_microsoft.windows.common-controls_6595b64144ccf1df_6.0.26100.7019_none_3e06ffa0e335b8a8\COMCTL32.dll
0x00007ffc724d0000 - 0x00007ffc724fb000 	C:\WINDOWS\System32\GDI32.dll
0x00007ffc70080000 - 0x00007ffc701ac000 	C:\WINDOWS\System32\gdi32full.dll
0x00007ffc71b20000 - 0x00007ffc71bc9000 	C:\WINDOWS\System32\msvcrt.dll
0x00007ffc707e0000 - 0x00007ffc70883000 	C:\WINDOWS\System32\msvcp_win.dll
0x00007ffc72d40000 - 0x00007ffc72d71000 	C:\WINDOWS\System32\IMM32.DLL
0x00007ffc48a00000 - 0x00007ffc48a0c000 	c:\Users\DELL\.vscode\extensions\redhat.java-1.54.0-win32-x64\jre\21.0.10-win32-x86_64\bin\vcruntime140_1.dll
0x00007ffbee450000 - 0x00007ffbee4dd000 	c:\Users\DELL\.vscode\extensions\redhat.java-1.54.0-win32-x64\jre\21.0.10-win32-x86_64\bin\msvcp140.dll
0x00007ffbcdb50000 - 0x00007ffbce8f1000 	c:\Users\DELL\.vscode\extensions\redhat.java-1.54.0-win32-x64\jre\21.0.10-win32-x86_64\bin\server\jvm.dll
0x00007ffc71830000 - 0x00007ffc718e4000 	C:\WINDOWS\System32\ADVAPI32.dll
0x00007ffc71a70000 - 0x00007ffc71b16000 	C:\WINDOWS\System32\sechost.dll
0x00007ffc70fb0000 - 0x00007ffc710c8000 	C:\WINDOWS\System32\RPCRT4.dll
0x00007ffc72580000 - 0x00007ffc725f4000 	C:\WINDOWS\System32\WS2_32.dll
0x00007ffc6fe50000 - 0x00007ffc6feae000 	C:\WINDOWS\SYSTEM32\POWRPROF.dll
0x00007ffc5ce70000 - 0x00007ffc5cea5000 	C:\WINDOWS\SYSTEM32\WINMM.dll
0x00007ffc64440000 - 0x00007ffc6444b000 	C:\WINDOWS\SYSTEM32\VERSION.dll
0x00007ffc6fe30000 - 0x00007ffc6fe44000 	C:\WINDOWS\SYSTEM32\UMPDC.dll
0x00007ffc6edb0000 - 0x00007ffc6edcb000 	C:\WINDOWS\SYSTEM32\kernel.appcore.dll
0x00007ffc44170000 - 0x00007ffc4417a000 	c:\Users\DELL\.vscode\extensions\redhat.java-1.54.0-win32-x64\jre\21.0.10-win32-x86_64\bin\jimage.dll
0x00007ffc6d5f0000 - 0x00007ffc6d832000 	C:\WINDOWS\SYSTEM32\DBGHELP.DLL
0x00007ffc72140000 - 0x00007ffc724cb000 	C:\WINDOWS\System32\combase.dll
0x00007ffc72d80000 - 0x00007ffc72e57000 	C:\WINDOWS\System32\OLEAUT32.dll
0x00007ffc56d60000 - 0x00007ffc56d9c000 	C:\WINDOWS\SYSTEM32\dbgcore.DLL
0x00007ffc70a10000 - 0x00007ffc70ab5000 	C:\WINDOWS\System32\bcryptPrimitives.dll
0x00007ffc43710000 - 0x00007ffc4371f000 	c:\Users\DELL\.vscode\extensions\redhat.java-1.54.0-win32-x64\jre\21.0.10-win32-x86_64\bin\instrument.dll
0x00007ffbee940000 - 0x00007ffbee960000 	c:\Users\DELL\.vscode\extensions\redhat.java-1.54.0-win32-x64\jre\21.0.10-win32-x86_64\bin\java.dll
0x00007ffc710d0000 - 0x00007ffc71821000 	C:\WINDOWS\System32\SHELL32.dll
0x00007ffc701b0000 - 0x00007ffc7031b000 	C:\WINDOWS\System32\wintypes.dll
0x00007ffc6dbd0000 - 0x00007ffc6e42d000 	C:\WINDOWS\SYSTEM32\windows.storage.dll
0x00007ffc72c40000 - 0x00007ffc72d32000 	C:\WINDOWS\System32\SHCORE.dll
0x00007ffc718f0000 - 0x00007ffc71957000 	C:\WINDOWS\System32\shlwapi.dll
0x00007ffc6ff10000 - 0x00007ffc6ff39000 	C:\WINDOWS\SYSTEM32\profapi.dll
0x00007ffbee1d0000 - 0x00007ffbee1e8000 	c:\Users\DELL\.vscode\extensions\redhat.java-1.54.0-win32-x64\jre\21.0.10-win32-x86_64\bin\zip.dll
0x00007ffc43500000 - 0x00007ffc43510000 	C:\Users\DELL\.vscode\extensions\redhat.java-1.54.0-win32-x64\jre\21.0.10-win32-x86_64\bin\net.dll
0x00007ffc69f90000 - 0x00007ffc6a0b8000 	C:\WINDOWS\SYSTEM32\WINHTTP.dll
0x00007ffc6f320000 - 0x00007ffc6f38b000 	C:\WINDOWS\system32\mswsock.dll
0x00007ffbee430000 - 0x00007ffbee446000 	C:\Users\DELL\.vscode\extensions\redhat.java-1.54.0-win32-x64\jre\21.0.10-win32-x86_64\bin\nio.dll
0x00007ffc41d70000 - 0x00007ffc41d80000 	c:\Users\DELL\.vscode\extensions\redhat.java-1.54.0-win32-x64\jre\21.0.10-win32-x86_64\bin\verify.dll

JVMTI agents:
c:\Users\DELL\.vscode\extensions\redhat.java-1.54.0-win32-x64\lombok\lombok-1.18.39-4050.jar path:c:\Users\DELL\.vscode\extensions\redhat.java-1.54.0-win32-x64\jre\21.0.10-win32-x86_64\bin\instrument.dll, loaded, initialized, instrumentlib options:none

dbghelp: loaded successfully - version: 4.0.5 - missing functions: none
symbol engine: initialized successfully - sym options: 0x614 - pdb path: .;c:\Users\DELL\.vscode\extensions\redhat.java-1.54.0-win32-x64\jre\21.0.10-win32-x86_64\bin;C:\WINDOWS\SYSTEM32;C:\WINDOWS\WinSxS\amd64_microsoft.windows.common-controls_6595b64144ccf1df_6.0.26100.7019_none_3e06ffa0e335b8a8;c:\Users\DELL\.vscode\extensions\redhat.java-1.54.0-win32-x64\jre\21.0.10-win32-x86_64\bin\server

VM Arguments:
jvm_args: --add-modules=ALL-SYSTEM --add-opens=java.base/java.util=ALL-UNNAMED --add-opens=java.base/java.lang=ALL-UNNAMED --add-opens=java.base/sun.nio.fs=ALL-UNNAMED -Declipse.application=org.eclipse.jdt.ls.core.id1 -Dosgi.bundles.defaultStartLevel=4 -Declipse.product=org.eclipse.jdt.ls.core.product -Djava.import.generatesMetadataFilesAtProjectRoot=false -DDetectVMInstallationsJob.disabled=true -Dfile.encoding=utf8 -XX:+UseParallelGC -XX:GCTimeRatio=4 -XX:AdaptiveSizePolicyWeight=90 -Dsun.zip.disableMemoryMapping=true -Xmx2G -Xms100m -Xlog:disable -javaagent:c:\Users\DELL\.vscode\extensions\redhat.java-1.54.0-win32-x64\lombok\lombok-1.18.39-4050.jar -XX:+HeapDumpOnOutOfMemoryError -XX:HeapDumpPath=c:\Users\DELL\AppData\Roaming\Code\User\workspaceStorage\0063a4a5fe943814eebfd48d7bf8a6bb\redhat.java -Daether.dependencyCollector.impl=bf 
java_command: c:\Users\DELL\.vscode\extensions\redhat.java-1.54.0-win32-x64\server\plugins\org.eclipse.equinox.launcher_1.7.100.v20251111-0406.jar -configuration c:\Users\DELL\AppData\Roaming\Code\User\globalStorage\redhat.java\1.54.0\config_win -data c:\Users\DELL\AppData\Roaming\Code\User\workspaceStorage\0063a4a5fe943814eebfd48d7bf8a6bb\redhat.java\jdt_ws --pipe=\\.\pipe\lsp-2d30e02911fee167b18c04fb2c9e18be-sock
java_class_path (initial): c:\Users\DELL\.vscode\extensions\redhat.java-1.54.0-win32-x64\server\plugins\org.eclipse.equinox.launcher_1.7.100.v20251111-0406.jar
Launcher Type: SUN_STANDARD

[Global flags]
    uintx AdaptiveSizePolicyWeight                 = 90                                        {product} {command line}
     intx CICompilerCount                          = 4                                         {product} {ergonomic}
    uintx GCTimeRatio                              = 4                                         {product} {command line}
     bool HeapDumpOnOutOfMemoryError               = true                                   {manageable} {command line}
    ccstr HeapDumpPath                             = c:\Users\DELL\AppData\Roaming\Code\User\workspaceStorage\0063a4a5fe943814eebfd48d7bf8a6bb\redhat.java         {manageable} {command line}
   size_t InitialHeapSize                          = 104857600                                 {product} {command line}
   size_t MaxHeapSize                              = 2147483648                                {product} {command line}
   size_t MaxNewSize                               = 715653120                                 {product} {ergonomic}
   size_t MinHeapDeltaBytes                        = 524288                                    {product} {ergonomic}
   size_t MinHeapSize                              = 104857600                                 {product} {command line}
   size_t NewSize                                  = 34603008                                  {product} {ergonomic}
    uintx NonNMethodCodeHeapSize                   = 5839372                                {pd product} {ergonomic}
    uintx NonProfiledCodeHeapSize                  = 122909434                              {pd product} {ergonomic}
   size_t OldSize                                  = 70254592                                  {product} {ergonomic}
    uintx ProfiledCodeHeapSize                     = 122909434                              {pd product} {ergonomic}
    uintx ReservedCodeCacheSize                    = 251658240                              {pd product} {ergonomic}
     bool SegmentedCodeCache                       = true                                      {product} {ergonomic}
   size_t SoftMaxHeapSize                          = 2147483648                             {manageable} {ergonomic}
     bool UseCompressedOops                        = true                           {product lp64_product} {ergonomic}
     bool UseLargePagesIndividualAllocation        = false                                  {pd product} {ergonomic}
     bool UseParallelGC                            = true                                      {product} {command line}

Logging:
Log output configuration:
 #0: stdout all=off uptime,level,tags foldmultilines=false
 #1: stderr all=off uptime,level,tags foldmultilines=false

Release file:
JAVA_VERSION="21.0.10" 
MODULES="java.base java.compiler java.datatransfer java.xml java.prefs java.desktop java.instrument java.logging java.management java.security.sasl java.naming java.rmi java.management.rmi java.net.http java.scripting java.security.jgss java.transaction.xa java.sql java.sql.rowset java.xml.crypto java.se java.smartcardio jdk.accessibility jdk.internal.jvmstat jdk.attach jdk.charsets jdk.internal.opt jdk.zipfs jdk.compiler jdk.crypto.ec jdk.crypto.cryptoki jdk.crypto.mscapi jdk.dynalink jdk.internal.ed jdk.editpad jdk.hotspot.agent jdk.httpserver jdk.internal.le jdk.internal.vm.ci jdk.internal.vm.compiler jdk.internal.vm.compiler.management jdk.jartool jdk.javadoc jdk.jcmd jdk.management jdk.management.agent jdk.jconsole jdk.jdeps jdk.jdwp.agent jdk.jdi jdk.jfr jdk.jshell jdk.jsobject jdk.jstatd jdk.localedata jdk.management.jfr jdk.naming.dns jdk.naming.rmi jdk.net jdk.nio.mapmode jdk.random jdk.sctp jdk.security.auth jdk.security.jgss jdk.unsupported jdk.unsupported.desktop jdk.xml.dom" 

Environment Variables:
JAVA_HOME=C:\Program Files\Eclipse Adoptium\jdk-17.0.15.6-hotspot\
PATH=C:\Program Files\Java\jdk-21.0.10\bin;C:\Program Files\Common Files\Oracle\Java\javapath;C:\Program Files\Eclipse Adoptium\jdk-17.0.15.6-hotspot\bin;C:\Python312\Scripts\;C:\Python312\;C:\WINDOWS\system32;C:\WINDOWS;C:\WINDOWS\System32\Wbem;C:\WINDOWS\System32\WindowsPowerShell\v1.0\;C:\WINDOWS\System32\OpenSSH\;C:\MinGW;C:\MinGW\bin;C:\ProgramData\chocolatey\bin;C:\Program Files\nodejs\;C:\Program Files\Git\cmd;C:\Program Files\Cloudflare\Cloudflare WARP\;C:\Program Files\GitHub CLI\;C:\gcc-14.2.0-no-debug.7z\bin;C:\Program Files\MySQL\MySQL Server8.0\bin;c:\Users\DELL\AppData\Local\Programs\cursor\resources\app\bin;C:\Program Files\Java\jdk-24\bin;C:\Program Files\Docker\Docker\resources\bin;C:\Program Files\apache-maven-3.9.12\bin;C:\Program Files\Java\jdk-21.0.10\bin;C:\Program Files\Amazon\AWSCLIV2\;C:\Program Files\MySQL\MySQL Shell 8.0\bin\;C:\Users\DELL\anaconda3;C:\Users\DELL\anaconda3\Library\mingw-w64\bin;C:\Users\DELL\anaconda3\Library\usr\bin;C:\Users\DELL\anaconda3\Library\bin;C:\Users\DELL\anaconda3\Scripts;C:\Users\DELL\AppData\Local\Microsoft\WindowsApps;C:\Users\DELL\AppData\Local\Programs\Microsoft VS Code\bin;C:\Users\DELL\AppData\Roaming\npm;C:\Users\DELL\AppData\Local\GitHubDesktop\bin;C:\Program Files\JetBrains\PyCharm 2024.2.4\bin;;C:\Users\DELL\AppData\Local\Google\Cloud SDK\google-cloud-sdk\bin;C:\Users\DELL\AppData\Local\Microsoft\WinGet\Links;C:\mongosh\
USERNAME=DELL
OS=Windows_NT
PROCESSOR_IDENTIFIER=Intel64 Family 6 Model 142 Stepping 12, GenuineIntel
TMP=C:\Users\DELL\AppData\Local\Temp
TEMP=C:\Users\DELL\AppData\Local\Temp




Periodic native trim disabled

---------------  S Y S T E M  ---------------

OS:
 Windows 11 , 64 bit Build 26100 (10.0.26100.7019)
OS uptime: 0 days 18:17 hours
Hyper-V role detected

CPU: total 8 (initial active 8) (4 cores per cpu, 2 threads per core) family 6 model 142 stepping 12 microcode 0xfc, cx8, cmov, fxsr, ht, mmx, 3dnowpref, sse, sse2, sse3, ssse3, sse4.1, sse4.2, popcnt, lzcnt, tsc, tscinvbit, avx, avx2, aes, erms, clmul, bmi1, bmi2, adx, fma, vzeroupper, clflush, clflushopt, hv, rdtscp, f16c
Processor Information for processor 0
  Max Mhz: 2208, Current Mhz: 1505, Mhz Limit: 1700
Processor Information for processor 1
  Max Mhz: 2208, Current Mhz: 1706, Mhz Limit: 1700
Processor Information for processor 2
  Max Mhz: 2208, Current Mhz: 1706, Mhz Limit: 1700
Processor Information for processor 3
  Max Mhz: 2208, Current Mhz: 1706, Mhz Limit: 1700
Processor Information for processor 4
  Max Mhz: 2208, Current Mhz: 1706, Mhz Limit: 1700
Processor Information for processor 5
  Max Mhz: 2208, Current Mhz: 1706, Mhz Limit: 1700
Processor Information for processor 6
  Max Mhz: 2208, Current Mhz: 1505, Mhz Limit: 1700
Processor Information for processor 7
  Max Mhz: 2208, Current Mhz: 1706, Mhz Limit: 1700

Memory: 4k page, system-wide physical 15984M (3479M free)
TotalPageFile size 15984M (AvailPageFile size 15M)
current process WorkingSet (physical memory assigned to process): 52M, peak: 52M
current process commit charge ("private bytes"): 226M, peak: 226M

vm_info: OpenJDK 64-Bit Server VM (21.0.10+7-LTS) for windows-amd64 JRE (21.0.10+7-LTS), built on 2026-01-20T00:00:00Z by "admin" with MS VC++ 17.12 (VS2022)

END.
