#
# There is insufficient memory for the Java Runtime Environment to continue.
# Native memory allocation (malloc) failed to allocate 1048576 bytes. Error detail: AllocateHeap
# Possible reasons:
#   The system is out of physical RAM or swap space
#   This process is running with CompressedOops enabled, and the Java Heap may be blocking the growth of the native heap
# Possible solutions:
#   Reduce memory load on the system
#   Increase physical memory or swap space
#   Check if swap backing store is full
#   Decrease Java heap size (-Xmx/-Xms)
#   Decrease number of Java threads
#   Decrease Java thread stack sizes (-Xss)
#   Set larger code cache with -XX:ReservedCodeCacheSize=
#   JVM is running with Unscaled Compressed Oops mode in which the Java heap is
#     placed in the first 4GB address space. The Java Heap base address is the
#     maximum limit for the native heap growth. Please use -XX:HeapBaseMinAddress
#     to set the Java Heap base and to place the Java Heap above 4GB virtual address.
# This output file may be truncated or incomplete.
#
#  Out of Memory Error (allocation.cpp:44), pid=18356, tid=20660
#
# JRE version: OpenJDK Runtime Environment Temurin-21.0.10+7 (21.0.10+7) (build 21.0.10+7-LTS)
# Java VM: OpenJDK 64-Bit Server VM Temurin-21.0.10+7 (21.0.10+7-LTS, mixed mode, sharing, tiered, compressed oops, compressed class ptrs, parallel gc, windows-amd64)
# No core dump will be written. Minidumps are not enabled by default on client versions of Windows
#

---------------  S U M M A R Y ------------

Command Line: --add-modules=ALL-SYSTEM --add-opens=java.base/java.util=ALL-UNNAMED --add-opens=java.base/java.lang=ALL-UNNAMED --add-opens=java.base/sun.nio.fs=ALL-UNNAMED -Declipse.application=org.eclipse.jdt.ls.core.id1 -Dosgi.bundles.defaultStartLevel=4 -Declipse.product=org.eclipse.jdt.ls.core.product -Djava.import.generatesMetadataFilesAtProjectRoot=false -DDetectVMInstallationsJob.disabled=true -Dfile.encoding=utf8 -XX:+UseParallelGC -XX:GCTimeRatio=4 -XX:AdaptiveSizePolicyWeight=90 -Dsun.zip.disableMemoryMapping=true -Xmx2G -Xms100m -Xlog:disable -javaagent:c:\Users\DELL\.vscode\extensions\redhat.java-1.54.0-win32-x64\lombok\lombok-1.18.39-4050.jar -XX:+HeapDumpOnOutOfMemoryError -XX:HeapDumpPath=c:\Users\DELL\AppData\Roaming\Code\User\workspaceStorage\0063a4a5fe943814eebfd48d7bf8a6bb\redhat.java -Daether.dependencyCollector.impl=bf c:\Users\DELL\.vscode\extensions\redhat.java-1.54.0-win32-x64\server\plugins\org.eclipse.equinox.launcher_1.7.100.v20251111-0406.jar -configuration c:\Users\DELL\AppData\Roaming\Code\User\globalStorage\redhat.java\1.54.0\config_win -data c:\Users\DELL\AppData\Roaming\Code\User\workspaceStorage\0063a4a5fe943814eebfd48d7bf8a6bb\redhat.java\jdt_ws --pipe=\\.\pipe\lsp-34018f339b1a00ebe8335631274254cb-sock

Host: Intel(R) Core(TM) i5-10310U CPU @ 1.70GHz, 8 cores, 15G,  Windows 11 , 64 bit Build 26100 (10.0.26100.7019)
Time: Wed Jun 10 08:14:39 2026 India Standard Time elapsed time: 325.054132 seconds (0d 0h 5m 25s)

---------------  T H R E A D  ---------------

Current thread (0x000002031630f430):  JavaThread "Attach Listener" daemon [_thread_in_vm, id=20660, stack(0x000000c7a3300000,0x000000c7a3400000) (1024K)]

Stack: [0x000000c7a3300000,0x000000c7a3400000]
Native frames: (J=compiled Java code, j=interpreted, Vv=VM code, C=native code)
V  [jvm.dll+0x6d7a39]
V  [jvm.dll+0x8b4b26]
V  [jvm.dll+0x8b70de]
V  [jvm.dll+0x8b77c3]
V  [jvm.dll+0x284346]
V  [jvm.dll+0xc1277]
V  [jvm.dll+0x6d82e9]
V  [jvm.dll+0x1334a6]
V  [jvm.dll+0x3f857e]
V  [jvm.dll+0x85f59d]
V  [jvm.dll+0x6d626d]
C  [ucrtbase.dll+0x37b0]
C  [KERNEL32.DLL+0x2e8d7]
C  [ntdll.dll+0x8c53c]


---------------  P R O C E S S  ---------------

Threads class SMR info:
_java_thread_list=0x0000020361c58060, length=61, elements={
0x000002037af6c890, 0x000002037d2ae150, 0x000002031630b4a0, 0x000002031630e7d0,
0x000002031630f430, 0x0000020316311ea0, 0x0000020316316770, 0x00000203163195c0,
0x000002031633d950, 0x000002035d230be0, 0x000002035d318340, 0x000002035daaa880,
0x000002035d953e90, 0x000002035d4f9f00, 0x000002035d144420, 0x000002035d105040,
0x000002035de96ce0, 0x000002035de80030, 0x000002035db8abc0, 0x000002035db88460,
0x000002035db89180, 0x000002035db89810, 0x000002035db8a530, 0x000002035d7a3e10,
0x000002035d7a3780, 0x000002035d7a44a0, 0x000002035d7a1d40, 0x000002035d7a4b30,
0x000002035d7a16b0, 0x000002035d7a51c0, 0x000002035d7a5850, 0x000002035d7a23d0,
0x000002035d7a6570, 0x000002035d7a30f0, 0x000002035d7a7290, 0x000002035d7a7fb0,
0x000002035d7a8cd0, 0x0000020360de8e50, 0x0000020360de7410, 0x0000020360de94e0,
0x0000020360dec960, 0x0000020360debc40, 0x0000020360deb5b0, 0x0000020360dea200,
0x000002035db8b250, 0x000002035db87dd0, 0x000002035db89ea0, 0x000002035d7a7920,
0x0000020361c5cdc0, 0x0000020361c5fbb0, 0x0000020361c5c730, 0x0000020361c60240,
0x0000020361c5e170, 0x0000020361c5e800, 0x0000020361c608d0, 0x0000020361c5d450,
0x0000020361c5ee90, 0x000002036051a800, 0x000002036051ae90, 0x000002036051e9a0,
0x00000203605203e0
}

Java Threads: ( => current thread )
  0x000002037af6c890 JavaThread "main"                              [_thread_blocked, id=20012, stack(0x000000c7a2c00000,0x000000c7a2d00000) (1024K)]
  0x000002037d2ae150 JavaThread "Reference Handler"          daemon [_thread_blocked, id=18052, stack(0x000000c7a3000000,0x000000c7a3100000) (1024K)]
  0x000002031630b4a0 JavaThread "Finalizer"                  daemon [_thread_blocked, id=14944, stack(0x000000c7a3100000,0x000000c7a3200000) (1024K)]
  0x000002031630e7d0 JavaThread "Signal Dispatcher"          daemon [_thread_blocked, id=17392, stack(0x000000c7a3200000,0x000000c7a3300000) (1024K)]
=>0x000002031630f430 JavaThread "Attach Listener"            daemon [_thread_in_vm, id=20660, stack(0x000000c7a3300000,0x000000c7a3400000) (1024K)]
  0x0000020316311ea0 JavaThread "Service Thread"             daemon [_thread_blocked, id=17676, stack(0x000000c7a3400000,0x000000c7a3500000) (1024K)]
  0x0000020316316770 JavaThread "Monitor Deflation Thread"   daemon [_thread_blocked, id=19376, stack(0x000000c7a3500000,0x000000c7a3600000) (1024K)]
  0x00000203163195c0 JavaThread "C2 CompilerThread0"         daemon [_thread_blocked, id=15056, stack(0x000000c7a3600000,0x000000c7a3700000) (1024K)]
  0x000002031633d950 JavaThread "C1 CompilerThread0"         daemon [_thread_blocked, id=4568, stack(0x000000c7a3700000,0x000000c7a3800000) (1024K)]
  0x000002035d230be0 JavaThread "Common-Cleaner"             daemon [_thread_blocked, id=21264, stack(0x000000c7a3900000,0x000000c7a3a00000) (1024K)]
  0x000002035d318340 JavaThread "Notification Thread"        daemon [_thread_blocked, id=14764, stack(0x000000c7a3a00000,0x000000c7a3b00000) (1024K)]
  0x000002035daaa880 JavaThread "Active Thread: Equinox Container: da3729dd-21fe-43ba-b40e-1deec4375ae8"        [_thread_blocked, id=20452, stack(0x000000c7a3b00000,0x000000c7a3c00000) (1024K)]
  0x000002035d953e90 JavaThread "Refresh Thread: Equinox Container: da3729dd-21fe-43ba-b40e-1deec4375ae8" daemon [_thread_blocked, id=21140, stack(0x000000c7a4300000,0x000000c7a4400000) (1024K)]
  0x000002035d4f9f00 JavaThread "Framework Event Dispatcher: Equinox Container: da3729dd-21fe-43ba-b40e-1deec4375ae8" daemon [_thread_blocked, id=8640, stack(0x000000c7a4200000,0x000000c7a4300000) (1024K)]
  0x000002035d144420 JavaThread "Start Level: Equinox Container: da3729dd-21fe-43ba-b40e-1deec4375ae8" daemon [_thread_blocked, id=16168, stack(0x000000c7a4400000,0x000000c7a4500000) (1024K)]
  0x000002035d105040 JavaThread "Bundle File Closer"         daemon [_thread_blocked, id=15016, stack(0x000000c7a4600000,0x000000c7a4700000) (1024K)]
  0x000002035de96ce0 JavaThread "SCR Component Actor"        daemon [_thread_blocked, id=12568, stack(0x000000c7a4500000,0x000000c7a4600000) (1024K)]
  0x000002035de80030 JavaThread "Worker-JM"                         [_thread_blocked, id=5844, stack(0x000000c7a4700000,0x000000c7a4800000) (1024K)]
  0x000002035db8abc0 JavaThread "JNA Cleaner"                daemon [_thread_blocked, id=6808, stack(0x000000c7a4800000,0x000000c7a4900000) (1024K)]
  0x000002035db88460 JavaThread "Worker-2"                          [_thread_blocked, id=6012, stack(0x000000c7a4c00000,0x000000c7a4d00000) (1024K)]
  0x000002035db89180 JavaThread "Java indexing"              daemon [_thread_blocked, id=20304, stack(0x000000c7a4f00000,0x000000c7a5000000) (1024K)]
  0x000002035db89810 JavaThread "Worker-4"                          [_thread_blocked, id=20524, stack(0x000000c7a5200000,0x000000c7a5300000) (1024K)]
  0x000002035db8a530 JavaThread "Thread-1"                   daemon [_thread_in_native, id=7116, stack(0x000000c7a5400000,0x000000c7a5500000) (1024K)]
  0x000002035d7a3e10 JavaThread "Thread-2"                   daemon [_thread_in_native, id=7088, stack(0x000000c7a5500000,0x000000c7a5600000) (1024K)]
  0x000002035d7a3780 JavaThread "Thread-3"                   daemon [_thread_in_native, id=2472, stack(0x000000c7a5600000,0x000000c7a5700000) (1024K)]
  0x000002035d7a44a0 JavaThread "Thread-4"                   daemon [_thread_in_native, id=21184, stack(0x000000c7a5700000,0x000000c7a5800000) (1024K)]
  0x000002035d7a1d40 JavaThread "Thread-5"                   daemon [_thread_in_native, id=9444, stack(0x000000c7a5800000,0x000000c7a5900000) (1024K)]
  0x000002035d7a4b30 JavaThread "Thread-6"                   daemon [_thread_in_native, id=17164, stack(0x000000c7a5900000,0x000000c7a5a00000) (1024K)]
  0x000002035d7a16b0 JavaThread "Thread-7"                   daemon [_thread_in_native, id=16840, stack(0x000000c7a5a00000,0x000000c7a5b00000) (1024K)]
  0x000002035d7a51c0 JavaThread "Thread-8"                   daemon [_thread_in_native, id=17752, stack(0x000000c7a5b00000,0x000000c7a5c00000) (1024K)]
  0x000002035d7a5850 JavaThread "Thread-9"                   daemon [_thread_in_native, id=18552, stack(0x000000c7a5c00000,0x000000c7a5d00000) (1024K)]
  0x000002035d7a23d0 JavaThread "pool-2-thread-1"                   [_thread_blocked, id=10600, stack(0x000000c7a5d00000,0x000000c7a5e00000) (1024K)]
  0x000002035d7a6570 JavaThread "WorkspaceEventsHandler"            [_thread_blocked, id=21468, stack(0x000000c7a4d00000,0x000000c7a4e00000) (1024K)]
  0x000002035d7a30f0 JavaThread "pool-1-thread-1"                   [_thread_blocked, id=4692, stack(0x000000c7a5e00000,0x000000c7a5f00000) (1024K)]
  0x000002035d7a7290 JavaThread "ForkJoinPool.commonPool-worker-1" daemon [_thread_blocked, id=11664, stack(0x000000c7a6200000,0x000000c7a6300000) (1024K)]
  0x000002035d7a7fb0 JavaThread "ForkJoinPool.commonPool-worker-2" daemon [_thread_blocked, id=15320, stack(0x000000c7a6300000,0x000000c7a6400000) (1024K)]
  0x000002035d7a8cd0 JavaThread "ForkJoinPool.commonPool-worker-3" daemon [_thread_blocked, id=11856, stack(0x000000c7a6400000,0x000000c7a6500000) (1024K)]
  0x0000020360de8e50 JavaThread "ForkJoinPool.commonPool-worker-4" daemon [_thread_blocked, id=788, stack(0x000000c7a5f00000,0x000000c7a6000000) (1024K)]
  0x0000020360de7410 JavaThread "ForkJoinPool.commonPool-worker-5" daemon [_thread_blocked, id=10364, stack(0x000000c7a6500000,0x000000c7a6600000) (1024K)]
  0x0000020360de94e0 JavaThread "Cleaner-0"                  daemon [_thread_blocked, id=17096, stack(0x000000c7a6100000,0x000000c7a6200000) (1024K)]
  0x0000020360dec960 JavaThread "Worker-6"                          [_thread_blocked, id=4084, stack(0x000000c7a2a00000,0x000000c7a2b00000) (1024K)]
  0x0000020360debc40 JavaThread "LocalFile Deleter"          daemon [_thread_blocked, id=16472, stack(0x000000c7a4a00000,0x000000c7a4b00000) (1024K)]
  0x0000020360deb5b0 JavaThread "LocalFile Deleter"          daemon [_thread_blocked, id=19608, stack(0x000000c7a4b00000,0x000000c7a4c00000) (1024K)]
  0x0000020360dea200 JavaThread "LocalFile Deleter"          daemon [_thread_blocked, id=7208, stack(0x000000c7a5000000,0x000000c7a5100000) (1024K)]
  0x000002035db8b250 JavaThread "LocalFile Deleter"          daemon [_thread_blocked, id=20584, stack(0x000000c7a5300000,0x000000c7a5400000) (1024K)]
  0x000002035db87dd0 JavaThread "LocalFile Deleter"          daemon [_thread_blocked, id=15904, stack(0x000000c7a6600000,0x000000c7a6700000) (1024K)]
  0x000002035db89ea0 JavaThread "LocalFile Deleter"          daemon [_thread_blocked, id=6316, stack(0x000000c7a6700000,0x000000c7a6800000) (1024K)]
  0x000002035d7a7920 JavaThread "Compiler Source File Reader" daemon [_thread_blocked, id=5820, stack(0x000000c7a6800000,0x000000c7a6900000) (1024K)]
  0x0000020361c5cdc0 JavaThread "Compiler Source File Reader" daemon [_thread_blocked, id=9964, stack(0x000000c7a6900000,0x000000c7a6a00000) (1024K)]
  0x0000020361c5fbb0 JavaThread "Compiler Source File Reader" daemon [_thread_blocked, id=19592, stack(0x000000c7a6a00000,0x000000c7a6b00000) (1024K)]
  0x0000020361c5c730 JavaThread "Compiler Source File Reader" daemon [_thread_blocked, id=17696, stack(0x000000c7a6b00000,0x000000c7a6c00000) (1024K)]
  0x0000020361c60240 JavaThread "Compiler Class File Writer" daemon [_thread_blocked, id=848, stack(0x000000c7a6d00000,0x000000c7a6e00000) (1024K)]
  0x0000020361c5e170 JavaThread "Compiler Class File Writer" daemon [_thread_blocked, id=8004, stack(0x000000c7a6e00000,0x000000c7a6f00000) (1024K)]
  0x0000020361c5e800 JavaThread "Compiler Class File Writer" daemon [_thread_blocked, id=7340, stack(0x000000c7a6f00000,0x000000c7a7000000) (1024K)]
  0x0000020361c608d0 JavaThread "Compiler Class File Writer" daemon [_thread_blocked, id=1408, stack(0x000000c7a7000000,0x000000c7a7100000) (1024K)]
  0x0000020361c5d450 JavaThread "Compiler Class File Writer" daemon [_thread_blocked, id=11048, stack(0x000000c7a7100000,0x000000c7a7200000) (1024K)]
  0x0000020361c5ee90 JavaThread "Compiler Class File Writer" daemon [_thread_blocked, id=19212, stack(0x000000c7a7200000,0x000000c7a7300000) (1024K)]
  0x000002036051a800 JavaThread "Compiler Source File Reader" daemon [_thread_blocked, id=11892, stack(0x000000c7a2900000,0x000000c7a2a00000) (1024K)]
  0x000002036051ae90 JavaThread "Compiler Processing Task"   daemon [_thread_blocked, id=18996, stack(0x000000c7a2b00000,0x000000c7a2c00000) (1024K)]
  0x000002036051e9a0 JavaThread "Compiler Source File Reader" daemon [_thread_blocked, id=18588, stack(0x000000c7a5100000,0x000000c7a5200000) (1024K)]
  0x00000203605203e0 JavaThread "Worker-7"                          [_thread_blocked, id=9180, stack(0x000000c7a7300000,0x000000c7a7400000) (1024K)]
Total: 61

Other Threads:
  0x000002037d2948f0 VMThread "VM Thread"                           [id=13988, stack(0x000000c7a2f00000,0x000000c7a3000000) (1024K)]
  0x000002031621ba00 WatcherThread "VM Periodic Task Thread"        [id=20320, stack(0x000000c7a2e00000,0x000000c7a2f00000) (1024K)]
  0x000002037d20fdf0 WorkerThread "GC Thread#0"                     [id=9912, stack(0x000000c7a2d00000,0x000000c7a2e00000) (1024K)]
  0x000002035d6011e0 WorkerThread "GC Thread#1"                     [id=15232, stack(0x000000c7a3c00000,0x000000c7a3d00000) (1024K)]
  0x000002035d3e3d50 WorkerThread "GC Thread#2"                     [id=14188, stack(0x000000c7a3d00000,0x000000c7a3e00000) (1024K)]
  0x000002035d3e4100 WorkerThread "GC Thread#3"                     [id=8244, stack(0x000000c7a3e00000,0x000000c7a3f00000) (1024K)]
  0x000002035d76ff20 WorkerThread "GC Thread#4"                     [id=2936, stack(0x000000c7a3f00000,0x000000c7a4000000) (1024K)]
  0x000002035d7702d0 WorkerThread "GC Thread#5"                     [id=17328, stack(0x000000c7a4000000,0x000000c7a4100000) (1024K)]
  0x000002035d770680 WorkerThread "GC Thread#6"                     [id=17468, stack(0x000000c7a4100000,0x000000c7a4200000) (1024K)]
  0x000002035d008850 WorkerThread "GC Thread#7"                     [id=19900, stack(0x000000c7a3800000,0x000000c7a3900000) (1024K)]
Total: 10

Threads with active compile tasks:
Total: 0

VM state: not at safepoint (normal execution)

VM Mutex/Monitor currently owned by a thread: None

Heap address: 0x0000000080000000, size: 2048 MB, Compressed Oops mode: 32-bit

CDS archive(s) mapped at: [0x0000020317000000-0x0000020317ba0000-0x0000020317ba0000), size 12189696, SharedBaseAddress: 0x0000020317000000, ArchiveRelocationMode: 1.
Compressed class space mapped at: 0x0000020318000000-0x0000020358000000, reserved size: 1073741824
Narrow klass base: 0x0000020317000000, Narrow klass shift: 0, Narrow klass range: 0x100000000

GC Precious Log:
 CardTable entry size: 512
 CPUs: 8 total, 8 available
 Memory: 15984M
 Large Page Support: Disabled
 NUMA Support: Disabled
 Compressed Oops: Enabled (32-bit)
 Alignments: Space 512K, Generation 512K, Heap 2M
 Heap Min Capacity: 100M
 Heap Initial Capacity: 100M
 Heap Max Capacity: 2G
 Pre-touch: Disabled
 Parallel Workers: 8

Heap:
 PSYoungGen      total 2048K, used 1918K [0x00000000d5580000, 0x00000000d5900000, 0x0000000100000000)
  eden space 1536K, 91% used [0x00000000d5580000,0x00000000d56dfa98,0x00000000d5700000)
  from space 512K, 100% used [0x00000000d5780000,0x00000000d5800000,0x00000000d5800000)
  to   space 1024K, 0% used [0x00000000d5800000,0x00000000d5800000,0x00000000d5900000)
 ParOldGen       total 404480K, used 404451K [0x0000000080000000, 0x0000000098b00000, 0x00000000d5580000)
  object space 404480K, 99% used [0x0000000080000000,0x0000000098af8da0,0x0000000098b00000)
 Metaspace       used 82295K, committed 84032K, reserved 1179648K
  class space    used 8500K, committed 9280K, reserved 1048576K

Card table byte_map: [0x000002037cbb0000,0x000002037cfc0000] _byte_map_base: 0x000002037c7b0000

Marking Bits: (ParMarkBitMap*) 0x00007ffb57803450
 Begin Bits: [0x0000020312140000, 0x0000020314140000)
 End Bits:   [0x0000020314140000, 0x0000020316140000)

Polling page: 0x000002037b3f0000

Metaspace:

Usage:
  Non-class:     72.07 MB used.
      Class:      8.30 MB used.
       Both:     80.37 MB used.

Virtual space:
  Non-class space:      128.00 MB reserved,      73.00 MB ( 57%) committed,  2 nodes.
      Class space:        1.00 GB reserved,       9.06 MB ( <1%) committed,  1 nodes.
             Both:        1.12 GB reserved,      82.06 MB (  7%) committed. 

Chunk freelists:
   Non-Class:  6.80 MB
       Class:  6.93 MB
        Both:  13.73 MB

MaxMetaspaceSize: unlimited
CompressedClassSpaceSize: 1.00 GB
Initial GC threshold: 21.00 MB
Current GC threshold: 129.06 MB
CDS: on
 - commit_granule_bytes: 65536.
 - commit_granule_words: 8192.
 - virtual_space_node_default_size: 8388608.
 - enlarge_chunks_in_place: 1.
 - use_allocation_guard: 0.


Internal statistics:

num_allocs_failed_limit: 13.
num_arena_births: 1494.
num_arena_deaths: 18.
num_vsnodes_births: 3.
num_vsnodes_deaths: 0.
num_space_committed: 1313.
num_space_uncommitted: 0.
num_chunks_returned_to_freelist: 32.
num_chunks_taken_from_freelist: 5485.
num_chunk_merges: 16.
num_chunk_splits: 3282.
num_chunks_enlarged: 1785.
num_inconsistent_stats: 0.

CodeHeap 'non-profiled nmethods': size=120000Kb used=18488Kb max_used=18488Kb free=101511Kb
 bounds [0x000002030ac10000, 0x000002030be20000, 0x0000020312140000]
CodeHeap 'profiled nmethods': size=120000Kb used=41922Kb max_used=41922Kb free=78077Kb
 bounds [0x0000020303140000, 0x0000020305a40000, 0x000002030a670000]
CodeHeap 'non-nmethods': size=5760Kb used=1516Kb max_used=1603Kb free=4243Kb
 bounds [0x000002030a670000, 0x000002030a8e0000, 0x000002030ac10000]
CodeCache: size=245760Kb, used=61926Kb, max_used=62013Kb, free=183831Kb
 total_blobs=17624, nmethods=16793, adapters=729, full_count=0
Compilation: enabled, stopped_count=0, restarted_count=0

Compilation events (20 events):
Event: 320.658 Thread 0x000002031633d950 nmethod 18358 0x0000020305a2d410 code [0x0000020305a2d5a0, 0x0000020305a2d698]
Event: 320.674 Thread 0x00000203163195c0 nmethod 18354% 0x000002030be13810 code [0x000002030be13aa0, 0x000002030be15190]
Event: 320.674 Thread 0x00000203163195c0 18357       4       org.eclipse.jdt.internal.compiler.lookup.MethodBinding::getAnnotationTagBits (153 bytes)
Event: 320.680 Thread 0x00000203163195c0 nmethod 18357 0x000002030be15f90 code [0x000002030be16160, 0x000002030be16480]
Event: 320.680 Thread 0x00000203163195c0 18356       4       org.eclipse.jdt.internal.compiler.lookup.MethodScope::referenceType (18 bytes)
Event: 320.682 Thread 0x00000203163195c0 nmethod 18356 0x000002030be16890 code [0x000002030be16a20, 0x000002030be16b08]
Event: 320.682 Thread 0x00000203163195c0 18355   !   4       lombok.eclipse.HandlerLibrary::handleAnnotation (224 bytes)
Event: 320.715 Thread 0x00000203163195c0 nmethod 18355 0x000002030be16c10 code [0x000002030be16e80, 0x000002030be18508]
Event: 322.088 Thread 0x00000203163195c0 18359       4       org.eclipse.core.internal.resources.Project::getProject (2 bytes)
Event: 322.088 Thread 0x00000203163195c0 nmethod 18359 0x000002030be18e90 code [0x000002030be19020, 0x000002030be190a8]
Event: 322.089 Thread 0x00000203163195c0 18360       4       org.eclipse.jdt.core.Signature::getSignatureQualifier (121 bytes)
Event: 322.122 Thread 0x00000203163195c0 nmethod 18360 0x000002030be19190 code [0x000002030be19380, 0x000002030be19f20]
Event: 322.484 Thread 0x000002031633d950 18361       3       org.eclipse.jdt.internal.core.PackageFragmentRoot::toStringInfo (122 bytes)
Event: 322.484 Thread 0x00000203163195c0 18363       4       java.text.MessageFormat::applyPattern (422 bytes)
Event: 322.487 Thread 0x000002031633d950 nmethod 18361 0x0000020305a2d710 code [0x0000020305a2db00, 0x0000020305a2f310]
Event: 322.487 Thread 0x000002031633d950 18362       3       org.eclipse.jdt.internal.core.JavaElement::toStringInfo (28 bytes)
Event: 322.488 Thread 0x000002031633d950 nmethod 18362 0x0000020305a2fc90 code [0x0000020305a2fee0, 0x0000020305a30728]
Event: 322.541 Thread 0x00000203163195c0 nmethod 18363 0x000002030be1a410 code [0x000002030be1a760, 0x000002030be1c058]
Event: 322.542 Thread 0x00000203163195c0 18364       4       java.util.concurrent.ForkJoinPool::awaitWork (321 bytes)
Event: 322.559 Thread 0x00000203163195c0 nmethod 18364 0x000002030be1d110 code [0x000002030be1d320, 0x000002030be1dc08]

GC Heap History (20 events):
Event: 319.972 GC heap before
{Heap before GC invocations=1332 (full 4):
 PSYoungGen      total 2560K, used 2240K [0x00000000d5580000, 0x00000000d5900000, 0x0000000100000000)
  eden space 1536K, 100% used [0x00000000d5580000,0x00000000d5700000,0x00000000d5700000)
  from space 1024K, 68% used [0x00000000d5700000,0x00000000d57b0000,0x00000000d5800000)
  to   space 1024K, 0% used [0x00000000d5800000,0x00000000d5800000,0x00000000d5900000)
 ParOldGen       total 401408K, used 401340K [0x0000000080000000, 0x0000000098800000, 0x00000000d5580000)
  object space 401408K, 99% used [0x0000000080000000,0x00000000987ef1e8,0x0000000098800000)
 Metaspace       used 82283K, committed 83904K, reserved 1179648K
  class space    used 8498K, committed 9216K, reserved 1048576K
}
Event: 319.974 GC heap after
{Heap after GC invocations=1332 (full 4):
 PSYoungGen      total 2560K, used 672K [0x00000000d5580000, 0x00000000d5900000, 0x0000000100000000)
  eden space 1536K, 0% used [0x00000000d5580000,0x00000000d5580000,0x00000000d5700000)
  from space 1024K, 65% used [0x00000000d5800000,0x00000000d58a8000,0x00000000d5900000)
  to   space 1024K, 0% used [0x00000000d5700000,0x00000000d5700000,0x00000000d5800000)
 ParOldGen       total 401920K, used 401823K [0x0000000080000000, 0x0000000098880000, 0x00000000d5580000)
  object space 401920K, 99% used [0x0000000080000000,0x0000000098867ec8,0x0000000098880000)
 Metaspace       used 82283K, committed 83904K, reserved 1179648K
  class space    used 8498K, committed 9216K, reserved 1048576K
}
Event: 319.983 GC heap before
{Heap before GC invocations=1333 (full 4):
 PSYoungGen      total 2560K, used 2208K [0x00000000d5580000, 0x00000000d5900000, 0x0000000100000000)
  eden space 1536K, 100% used [0x00000000d5580000,0x00000000d5700000,0x00000000d5700000)
  from space 1024K, 65% used [0x00000000d5800000,0x00000000d58a8000,0x00000000d5900000)
  to   space 1024K, 0% used [0x00000000d5700000,0x00000000d5700000,0x00000000d5800000)
 ParOldGen       total 401920K, used 401823K [0x0000000080000000, 0x0000000098880000, 0x00000000d5580000)
  object space 401920K, 99% used [0x0000000080000000,0x0000000098867ec8,0x0000000098880000)
 Metaspace       used 82284K, committed 83904K, reserved 1179648K
  class space    used 8498K, committed 9216K, reserved 1048576K
}
Event: 319.984 GC heap after
{Heap after GC invocations=1333 (full 4):
 PSYoungGen      total 2560K, used 288K [0x00000000d5580000, 0x00000000d5880000, 0x0000000100000000)
  eden space 1536K, 0% used [0x00000000d5580000,0x00000000d5580000,0x00000000d5700000)
  from space 1024K, 28% used [0x00000000d5700000,0x00000000d5748000,0x00000000d5800000)
  to   space 512K, 0% used [0x00000000d5800000,0x00000000d5800000,0x00000000d5880000)
 ParOldGen       total 401920K, used 401883K [0x0000000080000000, 0x0000000098880000, 0x00000000d5580000)
  object space 401920K, 99% used [0x0000000080000000,0x0000000098876c60,0x0000000098880000)
 Metaspace       used 82284K, committed 83904K, reserved 1179648K
  class space    used 8498K, committed 9216K, reserved 1048576K
}
Event: 319.991 GC heap before
{Heap before GC invocations=1334 (full 4):
 PSYoungGen      total 2560K, used 1824K [0x00000000d5580000, 0x00000000d5880000, 0x0000000100000000)
  eden space 1536K, 100% used [0x00000000d5580000,0x00000000d5700000,0x00000000d5700000)
  from space 1024K, 28% used [0x00000000d5700000,0x00000000d5748000,0x00000000d5800000)
  to   space 512K, 0% used [0x00000000d5800000,0x00000000d5800000,0x00000000d5880000)
 ParOldGen       total 401920K, used 401883K [0x0000000080000000, 0x0000000098880000, 0x00000000d5580000)
  object space 401920K, 99% used [0x0000000080000000,0x0000000098876c60,0x0000000098880000)
 Metaspace       used 82284K, committed 83904K, reserved 1179648K
  class space    used 8498K, committed 9216K, reserved 1048576K
}
Event: 319.993 GC heap after
{Heap after GC invocations=1334 (full 4):
 PSYoungGen      total 2048K, used 512K [0x00000000d5580000, 0x00000000d5900000, 0x0000000100000000)
  eden space 1536K, 0% used [0x00000000d5580000,0x00000000d5580000,0x00000000d5700000)
  from space 512K, 100% used [0x00000000d5800000,0x00000000d5880000,0x00000000d5880000)
  to   space 1024K, 0% used [0x00000000d5700000,0x00000000d5700000,0x00000000d5800000)
 ParOldGen       total 402432K, used 402083K [0x0000000080000000, 0x0000000098900000, 0x00000000d5580000)
  object space 402432K, 99% used [0x0000000080000000,0x00000000988a8ea8,0x0000000098900000)
 Metaspace       used 82284K, committed 83904K, reserved 1179648K
  class space    used 8498K, committed 9216K, reserved 1048576K
}
Event: 320.163 GC heap before
{Heap before GC invocations=1335 (full 4):
 PSYoungGen      total 2048K, used 2047K [0x00000000d5580000, 0x00000000d5900000, 0x0000000100000000)
  eden space 1536K, 99% used [0x00000000d5580000,0x00000000d56fffe8,0x00000000d5700000)
  from space 512K, 100% used [0x00000000d5800000,0x00000000d5880000,0x00000000d5880000)
  to   space 1024K, 0% used [0x00000000d5700000,0x00000000d5700000,0x00000000d5800000)
 ParOldGen       total 402432K, used 402083K [0x0000000080000000, 0x0000000098900000, 0x00000000d5580000)
  object space 402432K, 99% used [0x0000000080000000,0x00000000988a8ea8,0x0000000098900000)
 Metaspace       used 82292K, committed 84032K, reserved 1179648K
  class space    used 8500K, committed 9280K, reserved 1048576K
}
Event: 320.164 GC heap after
{Heap after GC invocations=1335 (full 4):
 PSYoungGen      total 2560K, used 320K [0x00000000d5580000, 0x00000000d5880000, 0x0000000100000000)
  eden space 1536K, 0% used [0x00000000d5580000,0x00000000d5580000,0x00000000d5700000)
  from space 1024K, 31% used [0x00000000d5700000,0x00000000d5750000,0x00000000d5800000)
  to   space 512K, 0% used [0x00000000d5800000,0x00000000d5800000,0x00000000d5880000)
 ParOldGen       total 402944K, used 402635K [0x0000000080000000, 0x0000000098980000, 0x00000000d5580000)
  object space 402944K, 99% used [0x0000000080000000,0x0000000098932ea8,0x0000000098980000)
 Metaspace       used 82292K, committed 84032K, reserved 1179648K
  class space    used 8500K, committed 9280K, reserved 1048576K
}
Event: 320.170 GC heap before
{Heap before GC invocations=1336 (full 4):
 PSYoungGen      total 2560K, used 1856K [0x00000000d5580000, 0x00000000d5880000, 0x0000000100000000)
  eden space 1536K, 100% used [0x00000000d5580000,0x00000000d5700000,0x00000000d5700000)
  from space 1024K, 31% used [0x00000000d5700000,0x00000000d5750000,0x00000000d5800000)
  to   space 512K, 0% used [0x00000000d5800000,0x00000000d5800000,0x00000000d5880000)
 ParOldGen       total 402944K, used 402635K [0x0000000080000000, 0x0000000098980000, 0x00000000d5580000)
  object space 402944K, 99% used [0x0000000080000000,0x0000000098932ea8,0x0000000098980000)
 Metaspace       used 82292K, committed 84032K, reserved 1179648K
  class space    used 8500K, committed 9280K, reserved 1048576K
}
Event: 320.172 GC heap after
{Heap after GC invocations=1336 (full 4):
 PSYoungGen      total 2048K, used 464K [0x00000000d5580000, 0x00000000d5880000, 0x0000000100000000)
  eden space 1536K, 0% used [0x00000000d5580000,0x00000000d5580000,0x00000000d5700000)
  from space 512K, 90% used [0x00000000d5800000,0x00000000d5874010,0x00000000d5880000)
  to   space 512K, 0% used [0x00000000d5780000,0x00000000d5780000,0x00000000d5800000)
 ParOldGen       total 402944K, used 402851K [0x0000000080000000, 0x0000000098980000, 0x00000000d5580000)
  object space 402944K, 99% used [0x0000000080000000,0x0000000098968ea8,0x0000000098980000)
 Metaspace       used 82292K, committed 84032K, reserved 1179648K
  class space    used 8500K, committed 9280K, reserved 1048576K
}
Event: 320.181 GC heap before
{Heap before GC invocations=1337 (full 4):
 PSYoungGen      total 2048K, used 2000K [0x00000000d5580000, 0x00000000d5880000, 0x0000000100000000)
  eden space 1536K, 100% used [0x00000000d5580000,0x00000000d5700000,0x00000000d5700000)
  from space 512K, 90% used [0x00000000d5800000,0x00000000d5874010,0x00000000d5880000)
  to   space 512K, 0% used [0x00000000d5780000,0x00000000d5780000,0x00000000d5800000)
 ParOldGen       total 402944K, used 402851K [0x0000000080000000, 0x0000000098980000, 0x00000000d5580000)
  object space 402944K, 99% used [0x0000000080000000,0x0000000098968ea8,0x0000000098980000)
 Metaspace       used 82292K, committed 84032K, reserved 1179648K
  class space    used 8500K, committed 9280K, reserved 1048576K
}
Event: 320.183 GC heap after
{Heap after GC invocations=1337 (full 4):
 PSYoungGen      total 2048K, used 512K [0x00000000d5580000, 0x00000000d5a00000, 0x0000000100000000)
  eden space 1536K, 0% used [0x00000000d5580000,0x00000000d5580000,0x00000000d5700000)
  from space 512K, 100% used [0x00000000d5780000,0x00000000d5800000,0x00000000d5800000)
  to   space 1536K, 0% used [0x00000000d5880000,0x00000000d5880000,0x00000000d5a00000)
 ParOldGen       total 403456K, used 403404K [0x0000000080000000, 0x0000000098a00000, 0x00000000d5580000)
  object space 403456K, 99% used [0x0000000080000000,0x00000000989f3100,0x0000000098a00000)
 Metaspace       used 82292K, committed 84032K, reserved 1179648K
  class space    used 8500K, committed 9280K, reserved 1048576K
}
Event: 320.626 GC heap before
{Heap before GC invocations=1338 (full 4):
 PSYoungGen      total 2048K, used 2048K [0x00000000d5580000, 0x00000000d5a00000, 0x0000000100000000)
  eden space 1536K, 100% used [0x00000000d5580000,0x00000000d5700000,0x00000000d5700000)
  from space 512K, 100% used [0x00000000d5780000,0x00000000d5800000,0x00000000d5800000)
  to   space 1536K, 0% used [0x00000000d5880000,0x00000000d5880000,0x00000000d5a00000)
 ParOldGen       total 403456K, used 403404K [0x0000000080000000, 0x0000000098a00000, 0x00000000d5580000)
  object space 403456K, 99% used [0x0000000080000000,0x00000000989f3100,0x0000000098a00000)
 Metaspace       used 82292K, committed 84032K, reserved 1179648K
  class space    used 8500K, committed 9280K, reserved 1048576K
}
Event: 320.628 GC heap after
{Heap after GC invocations=1338 (full 4):
 PSYoungGen      total 2048K, used 256K [0x00000000d5580000, 0x00000000d5900000, 0x0000000100000000)
  eden space 1536K, 0% used [0x00000000d5580000,0x00000000d5580000,0x00000000d5700000)
  from space 512K, 50% used [0x00000000d5880000,0x00000000d58c0000,0x00000000d5900000)
  to   space 1024K, 0% used [0x00000000d5700000,0x00000000d5700000,0x00000000d5800000)
 ParOldGen       total 403968K, used 403940K [0x0000000080000000, 0x0000000098a80000, 0x00000000d5580000)
  object space 403968K, 99% used [0x0000000080000000,0x0000000098a79100,0x0000000098a80000)
 Metaspace       used 82292K, committed 84032K, reserved 1179648K
  class space    used 8500K, committed 9280K, reserved 1048576K
}
Event: 320.635 GC heap before
{Heap before GC invocations=1339 (full 4):
 PSYoungGen      total 2048K, used 1792K [0x00000000d5580000, 0x00000000d5900000, 0x0000000100000000)
  eden space 1536K, 100% used [0x00000000d5580000,0x00000000d5700000,0x00000000d5700000)
  from space 512K, 50% used [0x00000000d5880000,0x00000000d58c0000,0x00000000d5900000)
  to   space 1024K, 0% used [0x00000000d5700000,0x00000000d5700000,0x00000000d5800000)
 ParOldGen       total 403968K, used 403940K [0x0000000080000000, 0x0000000098a80000, 0x00000000d5580000)
  object space 403968K, 99% used [0x0000000080000000,0x0000000098a79100,0x0000000098a80000)
 Metaspace       used 82292K, committed 84032K, reserved 1179648K
  class space    used 8500K, committed 9280K, reserved 1048576K
}
Event: 320.636 GC heap after
{Heap after GC invocations=1339 (full 4):
 PSYoungGen      total 2560K, used 640K [0x00000000d5580000, 0x00000000d5900000, 0x0000000100000000)
  eden space 1536K, 0% used [0x00000000d5580000,0x00000000d5580000,0x00000000d5700000)
  from space 1024K, 62% used [0x00000000d5700000,0x00000000d57a0000,0x00000000d5800000)
  to   space 1024K, 0% used [0x00000000d5800000,0x00000000d5800000,0x00000000d5900000)
 ParOldGen       total 404480K, used 404118K [0x0000000080000000, 0x0000000098b00000, 0x00000000d5580000)
  object space 404480K, 99% used [0x0000000080000000,0x0000000098aa5810,0x0000000098b00000)
 Metaspace       used 82292K, committed 84032K, reserved 1179648K
  class space    used 8500K, committed 9280K, reserved 1048576K
}
Event: 320.646 GC heap before
{Heap before GC invocations=1340 (full 4):
 PSYoungGen      total 2560K, used 2176K [0x00000000d5580000, 0x00000000d5900000, 0x0000000100000000)
  eden space 1536K, 100% used [0x00000000d5580000,0x00000000d5700000,0x00000000d5700000)
  from space 1024K, 62% used [0x00000000d5700000,0x00000000d57a0000,0x00000000d5800000)
  to   space 1024K, 0% used [0x00000000d5800000,0x00000000d5800000,0x00000000d5900000)
 ParOldGen       total 404480K, used 404118K [0x0000000080000000, 0x0000000098b00000, 0x00000000d5580000)
  object space 404480K, 99% used [0x0000000080000000,0x0000000098aa5810,0x0000000098b00000)
 Metaspace       used 82292K, committed 84032K, reserved 1179648K
  class space    used 8500K, committed 9280K, reserved 1048576K
}
Event: 320.648 GC heap after
{Heap after GC invocations=1340 (full 4):
 PSYoungGen      total 2048K, used 416K [0x00000000d5580000, 0x00000000d5880000, 0x0000000100000000)
  eden space 1536K, 0% used [0x00000000d5580000,0x00000000d5580000,0x00000000d5700000)
  from space 512K, 81% used [0x00000000d5800000,0x00000000d5868000,0x00000000d5880000)
  to   space 512K, 0% used [0x00000000d5780000,0x00000000d5780000,0x00000000d5800000)
 ParOldGen       total 404480K, used 404161K [0x0000000080000000, 0x0000000098b00000, 0x00000000d5580000)
  object space 404480K, 99% used [0x0000000080000000,0x0000000098ab05a8,0x0000000098b00000)
 Metaspace       used 82292K, committed 84032K, reserved 1179648K
  class space    used 8500K, committed 9280K, reserved 1048576K
}
Event: 320.656 GC heap before
{Heap before GC invocations=1341 (full 4):
 PSYoungGen      total 2048K, used 1952K [0x00000000d5580000, 0x00000000d5880000, 0x0000000100000000)
  eden space 1536K, 100% used [0x00000000d5580000,0x00000000d5700000,0x00000000d5700000)
  from space 512K, 81% used [0x00000000d5800000,0x00000000d5868000,0x00000000d5880000)
  to   space 512K, 0% used [0x00000000d5780000,0x00000000d5780000,0x00000000d5800000)
 ParOldGen       total 404480K, used 404161K [0x0000000080000000, 0x0000000098b00000, 0x00000000d5580000)
  object space 404480K, 99% used [0x0000000080000000,0x0000000098ab05a8,0x0000000098b00000)
 Metaspace       used 82292K, committed 84032K, reserved 1179648K
  class space    used 8500K, committed 9280K, reserved 1048576K
}
Event: 320.658 GC heap after
{Heap after GC invocations=1341 (full 4):
 PSYoungGen      total 2048K, used 512K [0x00000000d5580000, 0x00000000d5900000, 0x0000000100000000)
  eden space 1536K, 0% used [0x00000000d5580000,0x00000000d5580000,0x00000000d5700000)
  from space 512K, 100% used [0x00000000d5780000,0x00000000d5800000,0x00000000d5800000)
  to   space 1024K, 0% used [0x00000000d5800000,0x00000000d5800000,0x00000000d5900000)
 ParOldGen       total 404480K, used 404451K [0x0000000080000000, 0x0000000098b00000, 0x00000000d5580000)
  object space 404480K, 99% used [0x0000000080000000,0x0000000098af8da0,0x0000000098b00000)
 Metaspace       used 82292K, committed 84032K, reserved 1179648K
  class space    used 8500K, committed 9280K, reserved 1048576K
}

Dll operation events (12 events):
Event: 0.014 Loaded shared library c:\Users\DELL\.vscode\extensions\redhat.java-1.54.0-win32-x64\jre\21.0.10-win32-x86_64\bin\java.dll
Event: 0.153 Loaded shared library c:\Users\DELL\.vscode\extensions\redhat.java-1.54.0-win32-x64\jre\21.0.10-win32-x86_64\bin\zip.dll
Event: 0.185 Loaded shared library C:\Users\DELL\.vscode\extensions\redhat.java-1.54.0-win32-x64\jre\21.0.10-win32-x86_64\bin\instrument.dll
Event: 0.191 Loaded shared library C:\Users\DELL\.vscode\extensions\redhat.java-1.54.0-win32-x64\jre\21.0.10-win32-x86_64\bin\net.dll
Event: 0.195 Loaded shared library C:\Users\DELL\.vscode\extensions\redhat.java-1.54.0-win32-x64\jre\21.0.10-win32-x86_64\bin\nio.dll
Event: 0.199 Loaded shared library C:\Users\DELL\.vscode\extensions\redhat.java-1.54.0-win32-x64\jre\21.0.10-win32-x86_64\bin\zip.dll
Event: 0.230 Loaded shared library C:\Users\DELL\.vscode\extensions\redhat.java-1.54.0-win32-x64\jre\21.0.10-win32-x86_64\bin\jimage.dll
Event: 0.429 Loaded shared library c:\Users\DELL\.vscode\extensions\redhat.java-1.54.0-win32-x64\jre\21.0.10-win32-x86_64\bin\verify.dll
Event: 19.742 Loaded shared library C:\Users\DELL\AppData\Roaming\Code\User\globalStorage\redhat.java\1.54.0\config_win\org.eclipse.equinox.launcher\org.eclipse.equinox.launcher.win32.win32.x86_64_1.3.0.v20260203-2149\eclipse_11919.dll
Event: 44.147 Loaded shared library C:\Users\DELL\AppData\Local\Temp\jna-2094529\jna5283179103536823693.dll
Event: 49.841 Loaded shared library C:\Users\DELL\.vscode\extensions\redhat.java-1.54.0-win32-x64\jre\21.0.10-win32-x86_64\bin\sunmscapi.dll
Event: 51.120 Loaded shared library C:\Users\DELL\.vscode\extensions\redhat.java-1.54.0-win32-x64\jre\21.0.10-win32-x86_64\bin\extnet.dll

Deoptimization events (20 events):
Event: 318.048 Thread 0x0000020360de8e50 Uncommon trap: trap_request=0xffffff76 fr.pc=0x000002030bdec6e0 relative=0x0000000000001120
Event: 318.048 Thread 0x0000020360de8e50 Uncommon trap: reason=predicate action=maybe_recompile pc=0x000002030bdec6e0 method=java.util.TimSort.mergeHi(IIII)V @ 191 c2
Event: 318.048 Thread 0x0000020360de8e50 DEOPT PACKING pc=0x000002030bdec6e0 sp=0x000000c7a5ffdb10
Event: 318.048 Thread 0x0000020360de8e50 DEOPT UNPACKING pc=0x000002030a6c3aa2 sp=0x000000c7a5ffdb10 mode 2
Event: 318.049 Thread 0x0000020360de8e50 Uncommon trap: trap_request=0xffffff45 fr.pc=0x000002030bdf3680 relative=0x0000000000000380
Event: 318.049 Thread 0x0000020360de8e50 Uncommon trap: reason=unstable_if action=reinterpret pc=0x000002030bdf3680 method=org.eclipse.jdt.internal.compiler.problem.ProblemReporter.computeSeverity(I)I @ 1 c2
Event: 318.049 Thread 0x0000020360de8e50 DEOPT PACKING pc=0x000002030bdf3680 sp=0x000000c7a5ffe1f0
Event: 318.049 Thread 0x0000020360de8e50 DEOPT UNPACKING pc=0x000002030a6c3aa2 sp=0x000000c7a5ffe178 mode 2
Event: 318.283 Thread 0x000002035db88460 Uncommon trap: trap_request=0xffffffd6 fr.pc=0x000002030bcf007c relative=0x0000000000000d5c
Event: 318.283 Thread 0x000002035db88460 Uncommon trap: reason=array_check action=maybe_recompile pc=0x000002030bcf007c method=java.util.TimSort.mergeHi(IIII)V @ 250 c2
Event: 318.283 Thread 0x000002035db88460 DEOPT PACKING pc=0x000002030bcf007c sp=0x000000c7a4cfe3e0
Event: 318.283 Thread 0x000002035db88460 DEOPT UNPACKING pc=0x000002030a6c3aa2 sp=0x000000c7a4cfe388 mode 2
Event: 319.574 Thread 0x0000020360de8e50 Uncommon trap: trap_request=0xffffffd6 fr.pc=0x000002030be08dc0 relative=0x0000000000001080
Event: 319.574 Thread 0x0000020360de8e50 Uncommon trap: reason=array_check action=maybe_recompile pc=0x000002030be08dc0 method=java.util.TimSort.mergeHi(IIII)V @ 282 c2
Event: 319.574 Thread 0x0000020360de8e50 DEOPT PACKING pc=0x000002030be08dc0 sp=0x000000c7a5ffdba0
Event: 319.574 Thread 0x0000020360de8e50 DEOPT UNPACKING pc=0x000002030a6c3aa2 sp=0x000000c7a5ffdb88 mode 2
Event: 319.574 Thread 0x0000020360de8e50 Uncommon trap: trap_request=0xffffffd6 fr.pc=0x000002030be08dc0 relative=0x0000000000001080
Event: 319.574 Thread 0x0000020360de8e50 Uncommon trap: reason=array_check action=maybe_recompile pc=0x000002030be08dc0 method=java.util.TimSort.mergeHi(IIII)V @ 282 c2
Event: 319.574 Thread 0x0000020360de8e50 DEOPT PACKING pc=0x000002030be08dc0 sp=0x000000c7a5ffdba0
Event: 319.574 Thread 0x0000020360de8e50 DEOPT UNPACKING pc=0x000002030a6c3aa2 sp=0x000000c7a5ffdb88 mode 2

Classes loaded (20 events):
Event: 162.576 Loading class java/util/stream/ReduceOps$CountingSink$OfRef
Event: 162.577 Loading class java/util/stream/ReduceOps$CountingSink
Event: 162.577 Loading class java/util/stream/ReduceOps$CountingSink done
Event: 162.577 Loading class java/util/stream/ReduceOps$CountingSink$OfRef done
Event: 162.712 Loading class java/util/stream/DistinctOps
Event: 162.712 Loading class java/util/stream/DistinctOps done
Event: 162.712 Loading class java/util/stream/DistinctOps$1
Event: 162.712 Loading class java/util/stream/DistinctOps$1 done
Event: 162.765 Loading class java/util/stream/DistinctOps$1$2
Event: 162.765 Loading class java/util/stream/DistinctOps$1$2 done
Event: 163.227 Loading class java/util/concurrent/ArrayBlockingQueue
Event: 163.228 Loading class java/util/concurrent/ArrayBlockingQueue done
Event: 163.360 Loading class java/util/concurrent/ConcurrentHashMap$KeySpliterator
Event: 163.360 Loading class java/util/concurrent/ConcurrentHashMap$KeySpliterator done
Event: 163.377 Loading class sun/nio/ch/ChannelOutputStream
Event: 163.377 Loading class sun/nio/ch/ChannelOutputStream done
Event: 203.279 Loading class java/util/Spliterators$IntArraySpliterator
Event: 203.280 Loading class java/util/Spliterators$IntArraySpliterator done
Event: 224.303 Loading class sun/nio/fs/WindowsFileCopy
Event: 224.304 Loading class sun/nio/fs/WindowsFileCopy done

Classes unloaded (9 events):
Event: 46.753 Thread 0x000002037d2948f0 Unloading class 0x00000203181a8c00 'java/lang/invoke/LambdaForm$MH+0x00000203181a8c00'
Event: 46.753 Thread 0x000002037d2948f0 Unloading class 0x00000203181a8800 'java/lang/invoke/LambdaForm$MH+0x00000203181a8800'
Event: 46.753 Thread 0x000002037d2948f0 Unloading class 0x00000203181a8400 'java/lang/invoke/LambdaForm$MH+0x00000203181a8400'
Event: 46.753 Thread 0x000002037d2948f0 Unloading class 0x00000203181a8000 'java/lang/invoke/LambdaForm$MH+0x00000203181a8000'
Event: 46.753 Thread 0x000002037d2948f0 Unloading class 0x00000203181a7c00 'java/lang/invoke/LambdaForm$BMH+0x00000203181a7c00'
Event: 46.753 Thread 0x000002037d2948f0 Unloading class 0x00000203181a7800 'java/lang/invoke/LambdaForm$DMH+0x00000203181a7800'
Event: 46.753 Thread 0x000002037d2948f0 Unloading class 0x00000203181a6400 'java/lang/invoke/LambdaForm$DMH+0x00000203181a6400'
Event: 203.118 Thread 0x000002037d2948f0 Unloading class 0x0000020318724800 'java/lang/invoke/LambdaForm$MH+0x0000020318724800'
Event: 203.118 Thread 0x000002037d2948f0 Unloading class 0x0000020318724000 'java/lang/invoke/LambdaForm$MH+0x0000020318724000'

Classes redefined (0 events):
No events

Internal exceptions (20 events):
Event: 225.175 Thread 0x000002035db89180 Exception <a 'sun/nio/fs/WindowsException'{0x00000000d567cdc0}> (0x00000000d567cdc0) 
thrown [s\src\hotspot\share\prims\jni.cpp, line 520]
Event: 233.113 Thread 0x000002035d7a30f0 Exception <a 'java/lang/IncompatibleClassChangeError'{0x00000000d5706ca0}: Found class java.lang.Object, but interface was expected> (0x00000000d5706ca0) 
thrown [s\src\hotspot\share\interpreter\linkResolver.cpp, line 840]
Event: 233.420 Thread 0x000002036051f030 Exception <a 'java/lang/NoSuchMethodError'{0x00000000d562e598}: 'int java.lang.invoke.DirectMethodHandle$Holder.invokeSpecialIFC(java.lang.Object, java.lang.Object, int)'> (0x00000000d562e598) 
thrown [s\src\hotspot\share\interpreter\linkResolver.cpp, line 773]
Event: 234.771 Thread 0x000002035d7a30f0 Exception <a 'java/lang/IncompatibleClassChangeError'{0x00000000d5618788}: Found class java.lang.Object, but interface was expected> (0x00000000d5618788) 
thrown [s\src\hotspot\share\interpreter\linkResolver.cpp, line 840]
Event: 243.273 Thread 0x000002035db89180 Exception <a 'sun/nio/fs/WindowsException'{0x00000000d56bfd30}> (0x00000000d56bfd30) 
thrown [s\src\hotspot\share\prims\jni.cpp, line 520]
Event: 243.547 Thread 0x000002035db89180 Exception <a 'sun/nio/fs/WindowsException'{0x00000000d559d870}> (0x00000000d559d870) 
thrown [s\src\hotspot\share\prims\jni.cpp, line 520]
Event: 262.325 Thread 0x000002035d7a7fb0 Implicit null exception at 0x000002030bc0d3f3 to 0x000002030bc0e448
Event: 266.721 Thread 0x000002035db89180 Exception <a 'sun/nio/fs/WindowsException'{0x00000000d55d7e50}> (0x00000000d55d7e50) 
thrown [s\src\hotspot\share\prims\jni.cpp, line 520]
Event: 267.038 Thread 0x000002035db89180 Exception <a 'sun/nio/fs/WindowsException'{0x00000000d56528d0}> (0x00000000d56528d0) 
thrown [s\src\hotspot\share\prims\jni.cpp, line 520]
Event: 275.550 Thread 0x000002035d7a30f0 Exception <a 'java/lang/ArrayIndexOutOfBoundsException'{0x00000000d5655898}: Index 9892 out of bounds for length 9892> (0x00000000d5655898) 
thrown [s\src\hotspot\share\interpreter\interpreterRuntime.cpp, line 439]
Event: 275.550 Thread 0x000002035d7a30f0 Exception <a 'java/lang/ArrayIndexOutOfBoundsException'{0x00000000d5656128}: Index 9892 out of bounds for length 9892> (0x00000000d5656128) 
thrown [s\src\hotspot\share\interpreter\interpreterRuntime.cpp, line 439]
Event: 275.550 Thread 0x000002035d7a30f0 Exception <a 'java/lang/ArrayIndexOutOfBoundsException'{0x00000000d56564b8}: Index 9893 out of bounds for length 9892> (0x00000000d56564b8) 
thrown [s\src\hotspot\share\interpreter\interpreterRuntime.cpp, line 439]
Event: 276.237 Thread 0x000002035db89180 Exception <a 'sun/nio/fs/WindowsException'{0x00000000d55bf308}> (0x00000000d55bf308) 
thrown [s\src\hotspot\share\prims\jni.cpp, line 520]
Event: 276.526 Thread 0x000002035db89180 Exception <a 'sun/nio/fs/WindowsException'{0x00000000d5583ec8}> (0x00000000d5583ec8) 
thrown [s\src\hotspot\share\prims\jni.cpp, line 520]
Event: 284.282 Thread 0x000002035d7a30f0 Exception <a 'java/lang/ArrayIndexOutOfBoundsException'{0x00000000d562ee90}: Index 9895 out of bounds for length 9895> (0x00000000d562ee90) 
thrown [s\src\hotspot\share\interpreter\interpreterRuntime.cpp, line 439]
Event: 284.282 Thread 0x000002035d7a30f0 Exception <a 'java/lang/ArrayIndexOutOfBoundsException'{0x00000000d562f738}: Index 9895 out of bounds for length 9895> (0x00000000d562f738) 
thrown [s\src\hotspot\share\interpreter\interpreterRuntime.cpp, line 439]
Event: 284.282 Thread 0x000002035d7a30f0 Exception <a 'java/lang/ArrayIndexOutOfBoundsException'{0x00000000d562fac8}: Index 9896 out of bounds for length 9895> (0x00000000d562fac8) 
thrown [s\src\hotspot\share\interpreter\interpreterRuntime.cpp, line 439]
Event: 289.725 Thread 0x0000020360de8e50 Implicit null exception at 0x000002030b3ba66f to 0x000002030b3bb354
Event: 294.817 Thread 0x000002035db89180 Exception <a 'sun/nio/fs/WindowsException'{0x00000000d55f6688}> (0x00000000d55f6688) 
thrown [s\src\hotspot\share\prims\jni.cpp, line 520]
Event: 295.197 Thread 0x000002035db89180 Exception <a 'sun/nio/fs/WindowsException'{0x00000000d5690170}> (0x00000000d5690170) 
thrown [s\src\hotspot\share\prims\jni.cpp, line 520]

ZGC Phase Switch (0 events):
No events

VM Operations (20 events):
Event: 319.972 Executing safepoint VM operation: ParallelGCFailedAllocation (Allocation Failure)
Event: 319.974 Executing safepoint VM operation: ParallelGCFailedAllocation (Allocation Failure) done
Event: 319.983 Executing safepoint VM operation: ParallelGCFailedAllocation (Allocation Failure)
Event: 319.984 Executing safepoint VM operation: ParallelGCFailedAllocation (Allocation Failure) done
Event: 319.991 Executing safepoint VM operation: ParallelGCFailedAllocation (Allocation Failure)
Event: 319.993 Executing safepoint VM operation: ParallelGCFailedAllocation (Allocation Failure) done
Event: 320.163 Executing safepoint VM operation: ParallelGCFailedAllocation (Allocation Failure)
Event: 320.164 Executing safepoint VM operation: ParallelGCFailedAllocation (Allocation Failure) done
Event: 320.170 Executing safepoint VM operation: ParallelGCFailedAllocation (Allocation Failure)
Event: 320.172 Executing safepoint VM operation: ParallelGCFailedAllocation (Allocation Failure) done
Event: 320.181 Executing safepoint VM operation: ParallelGCFailedAllocation (Allocation Failure)
Event: 320.183 Executing safepoint VM operation: ParallelGCFailedAllocation (Allocation Failure) done
Event: 320.626 Executing safepoint VM operation: ParallelGCFailedAllocation (Allocation Failure)
Event: 320.628 Executing safepoint VM operation: ParallelGCFailedAllocation (Allocation Failure) done
Event: 320.635 Executing safepoint VM operation: ParallelGCFailedAllocation (Allocation Failure)
Event: 320.636 Executing safepoint VM operation: ParallelGCFailedAllocation (Allocation Failure) done
Event: 320.646 Executing safepoint VM operation: ParallelGCFailedAllocation (Allocation Failure)
Event: 320.648 Executing safepoint VM operation: ParallelGCFailedAllocation (Allocation Failure) done
Event: 320.656 Executing safepoint VM operation: ParallelGCFailedAllocation (Allocation Failure)
Event: 320.658 Executing safepoint VM operation: ParallelGCFailedAllocation (Allocation Failure) done

Memory protections (0 events):
No events

Nmethod flushes (20 events):
Event: 203.166 Thread 0x000002037d2948f0 flushing  nmethod 0x0000020303f48710
Event: 203.166 Thread 0x000002037d2948f0 flushing  nmethod 0x0000020303f48b10
Event: 203.166 Thread 0x000002037d2948f0 flushing  nmethod 0x0000020303f49490
Event: 203.166 Thread 0x000002037d2948f0 flushing  nmethod 0x0000020303f4a510
Event: 203.166 Thread 0x000002037d2948f0 flushing  nmethod 0x0000020303f4dd90
Event: 203.166 Thread 0x000002037d2948f0 flushing  nmethod 0x0000020303f53a10
Event: 203.166 Thread 0x000002037d2948f0 flushing  nmethod 0x0000020303f5cf90
Event: 203.166 Thread 0x000002037d2948f0 flushing  nmethod 0x0000020303f5da10
Event: 203.166 Thread 0x000002037d2948f0 flushing  nmethod 0x0000020303f5ea10
Event: 203.166 Thread 0x000002037d2948f0 flushing  nmethod 0x0000020303f5f890
Event: 203.166 Thread 0x000002037d2948f0 flushing  nmethod 0x0000020303f62c90
Event: 203.166 Thread 0x000002037d2948f0 flushing  nmethod 0x0000020303f63b90
Event: 203.166 Thread 0x000002037d2948f0 flushing  nmethod 0x0000020303f69090
Event: 203.166 Thread 0x000002037d2948f0 flushing  nmethod 0x0000020303fa0290
Event: 203.166 Thread 0x000002037d2948f0 flushing osr nmethod 0x0000020303faed90
Event: 203.166 Thread 0x000002037d2948f0 flushing  nmethod 0x0000020303fcb410
Event: 203.166 Thread 0x000002037d2948f0 flushing  nmethod 0x0000020304072110
Event: 203.166 Thread 0x000002037d2948f0 flushing  nmethod 0x000002030408d290
Event: 203.166 Thread 0x000002037d2948f0 flushing  nmethod 0x00000203040caa90
Event: 203.166 Thread 0x000002037d2948f0 flushing  nmethod 0x00000203040cad90

Events (20 events):
Event: 242.724 Thread 0x000002031633d950 Thread added: 0x0000020360efc7b0
Event: 242.981 Thread 0x0000020360efc7b0 Thread exited: 0x0000020360efc7b0
Event: 243.239 Thread 0x00000203163195c0 Thread added: 0x0000020360efdc20
Event: 243.342 Thread 0x000002035db89810 Thread added: 0x000002036051e9a0
Event: 243.669 Thread 0x000002035db88460 Thread added: 0x00000203605203e0
Event: 248.834 Thread 0x0000020360efdc20 Thread exited: 0x0000020360efdc20
Event: 257.388 Thread 0x000002031633d950 Thread added: 0x0000020360efc7b0
Event: 257.510 Thread 0x0000020360efc7b0 Thread exited: 0x0000020360efc7b0
Event: 260.003 Thread 0x00000203163195c0 Thread added: 0x0000020360eff090
Event: 260.148 Thread 0x0000020360eff090 Thread exited: 0x0000020360eff090
Event: 261.239 Thread 0x000002031633d950 Thread added: 0x0000020360efd550
Event: 261.631 Thread 0x0000020360efd550 Thread exited: 0x0000020360efd550
Event: 261.891 Thread 0x00000203163195c0 Thread added: 0x0000020360efc7b0
Event: 262.239 Thread 0x0000020360efc7b0 Thread exited: 0x0000020360efc7b0
Event: 283.054 Thread 0x0000020360ded680 Thread exited: 0x0000020360ded680
Event: 289.802 Thread 0x000002031633d950 Thread added: 0x0000020360eff760
Event: 290.233 Thread 0x0000020360eff760 Thread exited: 0x0000020360eff760
Event: 290.650 Thread 0x000002031633d950 Thread added: 0x0000020360eff760
Event: 290.952 Thread 0x0000020360eff760 Thread exited: 0x0000020360eff760
Event: 293.444 Thread 0x000002036051f030 Thread exited: 0x000002036051f030


Dynamic libraries:
0x00007ff7e51b0000 - 0x00007ff7e51be000 	c:\Users\DELL\.vscode\extensions\redhat.java-1.54.0-win32-x64\jre\21.0.10-win32-x86_64\bin\java.exe
0x00007ffc0a7e0000 - 0x00007ffc0aa48000 	C:\WINDOWS\SYSTEM32\ntdll.dll
0x00007ffc091e0000 - 0x00007ffc092a9000 	C:\WINDOWS\System32\KERNEL32.DLL
0x00007ffc07f40000 - 0x00007ffc08338000 	C:\WINDOWS\System32\KERNELBASE.dll
0x00007ffc07be0000 - 0x00007ffc07d2b000 	C:\WINDOWS\System32\ucrtbase.dll
0x00007ffbd0e50000 - 0x00007ffbd0e68000 	c:\Users\DELL\.vscode\extensions\redhat.java-1.54.0-win32-x64\jre\21.0.10-win32-x86_64\bin\jli.dll
0x00007ffbd1980000 - 0x00007ffbd199e000 	c:\Users\DELL\.vscode\extensions\redhat.java-1.54.0-win32-x64\jre\21.0.10-win32-x86_64\bin\VCRUNTIME140.dll
0x00007ffc09490000 - 0x00007ffc09657000 	C:\WINDOWS\System32\USER32.dll
0x00007ffc07e60000 - 0x00007ffc07e87000 	C:\WINDOWS\System32\win32u.dll
0x00007ffbf47c0000 - 0x00007ffbf4a54000 	C:\WINDOWS\WinSxS\amd64_microsoft.windows.common-controls_6595b64144ccf1df_6.0.26100.7019_none_3e06ffa0e335b8a8\COMCTL32.dll
0x00007ffc0a4c0000 - 0x00007ffc0a4eb000 	C:\WINDOWS\System32\GDI32.dll
0x00007ffc07d30000 - 0x00007ffc07e5c000 	C:\WINDOWS\System32\gdi32full.dll
0x00007ffc07e90000 - 0x00007ffc07f33000 	C:\WINDOWS\System32\msvcp_win.dll
0x00007ffc093d0000 - 0x00007ffc09479000 	C:\WINDOWS\System32\msvcrt.dll
0x00007ffc08580000 - 0x00007ffc085b1000 	C:\WINDOWS\System32\IMM32.DLL
0x00007ffbf39a0000 - 0x00007ffbf39ac000 	c:\Users\DELL\.vscode\extensions\redhat.java-1.54.0-win32-x64\jre\21.0.10-win32-x86_64\bin\vcruntime140_1.dll
0x00007ffbd0780000 - 0x00007ffbd080d000 	c:\Users\DELL\.vscode\extensions\redhat.java-1.54.0-win32-x64\jre\21.0.10-win32-x86_64\bin\msvcp140.dll
0x00007ffb56b40000 - 0x00007ffb578e1000 	c:\Users\DELL\.vscode\extensions\redhat.java-1.54.0-win32-x64\jre\21.0.10-win32-x86_64\bin\server\jvm.dll
0x00007ffc085f0000 - 0x00007ffc086a4000 	C:\WINDOWS\System32\ADVAPI32.dll
0x00007ffc08da0000 - 0x00007ffc08e46000 	C:\WINDOWS\System32\sechost.dll
0x00007ffc092b0000 - 0x00007ffc093c8000 	C:\WINDOWS\System32\RPCRT4.dll
0x00007ffc09b00000 - 0x00007ffc09b74000 	C:\WINDOWS\System32\WS2_32.dll
0x00007ffc07790000 - 0x00007ffc077ee000 	C:\WINDOWS\SYSTEM32\POWRPROF.dll
0x00007ffbf4a60000 - 0x00007ffbf4a95000 	C:\WINDOWS\SYSTEM32\WINMM.dll
0x00007ffbff6d0000 - 0x00007ffbff6db000 	C:\WINDOWS\SYSTEM32\VERSION.dll
0x00007ffc07770000 - 0x00007ffc07784000 	C:\WINDOWS\SYSTEM32\UMPDC.dll
0x00007ffc066f0000 - 0x00007ffc0670b000 	C:\WINDOWS\SYSTEM32\kernel.appcore.dll
0x00007ffbf30a0000 - 0x00007ffbf30aa000 	c:\Users\DELL\.vscode\extensions\redhat.java-1.54.0-win32-x64\jre\21.0.10-win32-x86_64\bin\jimage.dll
0x00007ffc04d90000 - 0x00007ffc04fd2000 	C:\WINDOWS\SYSTEM32\DBGHELP.DLL
0x00007ffc08e50000 - 0x00007ffc091db000 	C:\WINDOWS\System32\combase.dll
0x00007ffc08a70000 - 0x00007ffc08b47000 	C:\WINDOWS\System32\OLEAUT32.dll
0x00007ffbef6c0000 - 0x00007ffbef6fc000 	C:\WINDOWS\SYSTEM32\dbgcore.DLL
0x00007ffc07aa0000 - 0x00007ffc07b45000 	C:\WINDOWS\System32\bcryptPrimitives.dll
0x00007ffbf3060000 - 0x00007ffbf306f000 	c:\Users\DELL\.vscode\extensions\redhat.java-1.54.0-win32-x64\jre\21.0.10-win32-x86_64\bin\instrument.dll
0x00007ffbd02c0000 - 0x00007ffbd02e0000 	c:\Users\DELL\.vscode\extensions\redhat.java-1.54.0-win32-x64\jre\21.0.10-win32-x86_64\bin\java.dll
0x00007ffc09d60000 - 0x00007ffc0a4b1000 	C:\WINDOWS\System32\SHELL32.dll
0x00007ffc07930000 - 0x00007ffc07a9b000 	C:\WINDOWS\System32\wintypes.dll
0x00007ffc05510000 - 0x00007ffc05d6d000 	C:\WINDOWS\SYSTEM32\windows.storage.dll
0x00007ffc08970000 - 0x00007ffc08a62000 	C:\WINDOWS\System32\SHCORE.dll
0x00007ffc09b80000 - 0x00007ffc09be7000 	C:\WINDOWS\System32\shlwapi.dll
0x00007ffc07850000 - 0x00007ffc07879000 	C:\WINDOWS\SYSTEM32\profapi.dll
0x00007ffbd0e30000 - 0x00007ffbd0e48000 	c:\Users\DELL\.vscode\extensions\redhat.java-1.54.0-win32-x64\jre\21.0.10-win32-x86_64\bin\zip.dll
0x00007ffbeb900000 - 0x00007ffbeb910000 	C:\Users\DELL\.vscode\extensions\redhat.java-1.54.0-win32-x64\jre\21.0.10-win32-x86_64\bin\net.dll
0x00007ffc00fd0000 - 0x00007ffc010f8000 	C:\WINDOWS\SYSTEM32\WINHTTP.dll
0x00007ffc06c60000 - 0x00007ffc06ccb000 	C:\WINDOWS\system32\mswsock.dll
0x00007ffbd0270000 - 0x00007ffbd0286000 	C:\Users\DELL\.vscode\extensions\redhat.java-1.54.0-win32-x64\jre\21.0.10-win32-x86_64\bin\nio.dll
0x00007ffbe2ab0000 - 0x00007ffbe2ac0000 	c:\Users\DELL\.vscode\extensions\redhat.java-1.54.0-win32-x64\jre\21.0.10-win32-x86_64\bin\verify.dll
0x00007ffbcdc10000 - 0x00007ffbcdc55000 	C:\Users\DELL\AppData\Roaming\Code\User\globalStorage\redhat.java\1.54.0\config_win\org.eclipse.equinox.launcher\org.eclipse.equinox.launcher.win32.win32.x86_64_1.3.0.v20260203-2149\eclipse_11919.dll
0x00007ffc0a570000 - 0x00007ffc0a707000 	C:\WINDOWS\System32\ole32.dll
0x00007ffc06f20000 - 0x00007ffc06f3b000 	C:\WINDOWS\SYSTEM32\CRYPTSP.dll
0x00007ffc06650000 - 0x00007ffc0668a000 	C:\WINDOWS\system32\rsaenh.dll
0x00007ffc06d10000 - 0x00007ffc06d3b000 	C:\WINDOWS\SYSTEM32\USERENV.dll
0x00007ffc07820000 - 0x00007ffc0784a000 	C:\WINDOWS\SYSTEM32\bcrypt.dll
0x00007ffc06f40000 - 0x00007ffc06f4c000 	C:\WINDOWS\SYSTEM32\CRYPTBASE.dll
0x00007ffc060a0000 - 0x00007ffc060d4000 	C:\WINDOWS\SYSTEM32\IPHLPAPI.DLL
0x00007ffc0a710000 - 0x00007ffc0a71a000 	C:\WINDOWS\System32\NSI.dll
0x00007ffbc8200000 - 0x00007ffbc8249000 	C:\Users\DELL\AppData\Local\Temp\jna-2094529\jna5283179103536823693.dll
0x00007ffc09af0000 - 0x00007ffc09af8000 	C:\WINDOWS\System32\PSAPI.DLL
0x00007ffc01270000 - 0x00007ffc0128e000 	C:\WINDOWS\SYSTEM32\dhcpcsvc6.DLL
0x00007ffc01160000 - 0x00007ffc01183000 	C:\WINDOWS\SYSTEM32\dhcpcsvc.DLL
0x00007ffc02410000 - 0x00007ffc0241e000 	C:\Users\DELL\.vscode\extensions\redhat.java-1.54.0-win32-x64\jre\21.0.10-win32-x86_64\bin\sunmscapi.dll
0x00007ffc08400000 - 0x00007ffc08577000 	C:\WINDOWS\System32\CRYPT32.dll
0x00007ffc07140000 - 0x00007ffc07170000 	C:\WINDOWS\SYSTEM32\ncrypt.dll
0x00007ffc070f0000 - 0x00007ffc0712f000 	C:\WINDOWS\SYSTEM32\NTASN1.dll
0x00007ffc06140000 - 0x00007ffc0626c000 	C:\WINDOWS\SYSTEM32\DNSAPI.dll
0x00007ffbfad00000 - 0x00007ffbfad0b000 	C:\Windows\System32\rasadhlp.dll
0x00007ffc01970000 - 0x00007ffc019f6000 	C:\WINDOWS\System32\fwpuclnt.dll
0x00007ffbf30d0000 - 0x00007ffbf30d9000 	C:\Users\DELL\.vscode\extensions\redhat.java-1.54.0-win32-x64\jre\21.0.10-win32-x86_64\bin\extnet.dll

JVMTI agents:
c:\Users\DELL\.vscode\extensions\redhat.java-1.54.0-win32-x64\lombok\lombok-1.18.39-4050.jar path:c:\Users\DELL\.vscode\extensions\redhat.java-1.54.0-win32-x64\jre\21.0.10-win32-x86_64\bin\instrument.dll, loaded, initialized, instrumentlib options:none

dbghelp: loaded successfully - version: 4.0.5 - missing functions: none
symbol engine: initialized successfully - sym options: 0x614 - pdb path: .;c:\Users\DELL\.vscode\extensions\redhat.java-1.54.0-win32-x64\jre\21.0.10-win32-x86_64\bin;C:\WINDOWS\SYSTEM32;C:\WINDOWS\WinSxS\amd64_microsoft.windows.common-controls_6595b64144ccf1df_6.0.26100.7019_none_3e06ffa0e335b8a8;c:\Users\DELL\.vscode\extensions\redhat.java-1.54.0-win32-x64\jre\21.0.10-win32-x86_64\bin\server;C:\Users\DELL\AppData\Roaming\Code\User\globalStorage\redhat.java\1.54.0\config_win\org.eclipse.equinox.launcher\org.eclipse.equinox.launcher.win32.win32.x86_64_1.3.0.v20260203-2149;C:\Users\DELL\AppData\Local\Temp\jna-2094529

VM Arguments:
jvm_args: --add-modules=ALL-SYSTEM --add-opens=java.base/java.util=ALL-UNNAMED --add-opens=java.base/java.lang=ALL-UNNAMED --add-opens=java.base/sun.nio.fs=ALL-UNNAMED -Declipse.application=org.eclipse.jdt.ls.core.id1 -Dosgi.bundles.defaultStartLevel=4 -Declipse.product=org.eclipse.jdt.ls.core.product -Djava.import.generatesMetadataFilesAtProjectRoot=false -DDetectVMInstallationsJob.disabled=true -Dfile.encoding=utf8 -XX:+UseParallelGC -XX:GCTimeRatio=4 -XX:AdaptiveSizePolicyWeight=90 -Dsun.zip.disableMemoryMapping=true -Xmx2G -Xms100m -Xlog:disable -javaagent:c:\Users\DELL\.vscode\extensions\redhat.java-1.54.0-win32-x64\lombok\lombok-1.18.39-4050.jar -XX:+HeapDumpOnOutOfMemoryError -XX:HeapDumpPath=c:\Users\DELL\AppData\Roaming\Code\User\workspaceStorage\0063a4a5fe943814eebfd48d7bf8a6bb\redhat.java -Daether.dependencyCollector.impl=bf 
java_command: c:\Users\DELL\.vscode\extensions\redhat.java-1.54.0-win32-x64\server\plugins\org.eclipse.equinox.launcher_1.7.100.v20251111-0406.jar -configuration c:\Users\DELL\AppData\Roaming\Code\User\globalStorage\redhat.java\1.54.0\config_win -data c:\Users\DELL\AppData\Roaming\Code\User\workspaceStorage\0063a4a5fe943814eebfd48d7bf8a6bb\redhat.java\jdt_ws --pipe=\\.\pipe\lsp-34018f339b1a00ebe8335631274254cb-sock
java_class_path (initial): c:\Users\DELL\.vscode\extensions\redhat.java-1.54.0-win32-x64\server\plugins\org.eclipse.equinox.launcher_1.7.100.v20251111-0406.jar
Launcher Type: SUN_STANDARD

[Global flags]
    uintx AdaptiveSizePolicyWeight                 = 90                                        {product} {command line}
     intx CICompilerCount                          = 4                                         {product} {ergonomic}
    uintx GCTimeRatio                              = 4                                         {product} {command line}
     bool HeapDumpOnOutOfMemoryError               = true                                   {manageable} {command line}
    ccstr HeapDumpPath                             = c:\Users\DELL\AppData\Roaming\Code\User\workspaceStorage\0063a4a5fe943814eebfd48d7bf8a6bb\redhat.java         {manageable} {command line}
   size_t InitialHeapSize                          = 104857600                                 {product} {command line}
   size_t MaxHeapSize                              = 2147483648                                {product} {command line}
   size_t MaxNewSize                               = 715653120                                 {product} {ergonomic}
   size_t MinHeapDeltaBytes                        = 524288                                    {product} {ergonomic}
   size_t MinHeapSize                              = 104857600                                 {product} {command line}
   size_t NewSize                                  = 34603008                                  {product} {ergonomic}
    uintx NonNMethodCodeHeapSize                   = 5839372                                {pd product} {ergonomic}
    uintx NonProfiledCodeHeapSize                  = 122909434                              {pd product} {ergonomic}
   size_t OldSize                                  = 70254592                                  {product} {ergonomic}
    uintx ProfiledCodeHeapSize                     = 122909434                              {pd product} {ergonomic}
    uintx ReservedCodeCacheSize                    = 251658240                              {pd product} {ergonomic}
     bool SegmentedCodeCache                       = true                                      {product} {ergonomic}
   size_t SoftMaxHeapSize                          = 2147483648                             {manageable} {ergonomic}
     bool UseCompressedOops                        = true                           {product lp64_product} {ergonomic}
     bool UseLargePagesIndividualAllocation        = false                                  {pd product} {ergonomic}
     bool UseParallelGC                            = true                                      {product} {command line}

Logging:
Log output configuration:
 #0: stdout all=off uptime,level,tags foldmultilines=false
 #1: stderr all=off uptime,level,tags foldmultilines=false

Release file:
JAVA_VERSION="21.0.10" 
MODULES="java.base java.compiler java.datatransfer java.xml java.prefs java.desktop java.instrument java.logging java.management java.security.sasl java.naming java.rmi java.management.rmi java.net.http java.scripting java.security.jgss java.transaction.xa java.sql java.sql.rowset java.xml.crypto java.se java.smartcardio jdk.accessibility jdk.internal.jvmstat jdk.attach jdk.charsets jdk.internal.opt jdk.zipfs jdk.compiler jdk.crypto.ec jdk.crypto.cryptoki jdk.crypto.mscapi jdk.dynalink jdk.internal.ed jdk.editpad jdk.hotspot.agent jdk.httpserver jdk.internal.le jdk.internal.vm.ci jdk.internal.vm.compiler jdk.internal.vm.compiler.management jdk.jartool jdk.javadoc jdk.jcmd jdk.management jdk.management.agent jdk.jconsole jdk.jdeps jdk.jdwp.agent jdk.jdi jdk.jfr jdk.jshell jdk.jsobject jdk.jstatd jdk.localedata jdk.management.jfr jdk.naming.dns jdk.naming.rmi jdk.net jdk.nio.mapmode jdk.random jdk.sctp jdk.security.auth jdk.security.jgss jdk.unsupported jdk.unsupported.desktop jdk.xml.dom" 

Environment Variables:
JAVA_HOME=C:\Program Files\Eclipse Adoptium\jdk-17.0.15.6-hotspot\
PATH=C:\Program Files\Java\jdk-21.0.10\bin;C:\Program Files\Common Files\Oracle\Java\javapath;C:\Program Files\Eclipse Adoptium\jdk-17.0.15.6-hotspot\bin;C:\Python312\Scripts\;C:\Python312\;C:\WINDOWS\system32;C:\WINDOWS;C:\WINDOWS\System32\Wbem;C:\WINDOWS\System32\WindowsPowerShell\v1.0\;C:\WINDOWS\System32\OpenSSH\;C:\MinGW;C:\MinGW\bin;C:\ProgramData\chocolatey\bin;C:\Program Files\nodejs\;C:\Program Files\Git\cmd;C:\Program Files\Cloudflare\Cloudflare WARP\;C:\Program Files\GitHub CLI\;C:\gcc-14.2.0-no-debug.7z\bin;C:\Program Files\MySQL\MySQL Server8.0\bin;c:\Users\DELL\AppData\Local\Programs\cursor\resources\app\bin;C:\Program Files\Java\jdk-24\bin;C:\Program Files\Docker\Docker\resources\bin;C:\Program Files\apache-maven-3.9.12\bin;C:\Program Files\Java\jdk-21.0.10\bin;C:\Program Files\Amazon\AWSCLIV2\;C:\Program Files\MySQL\MySQL Shell 8.0\bin\;C:\Users\DELL\anaconda3;C:\Users\DELL\anaconda3\Library\mingw-w64\bin;C:\Users\DELL\anaconda3\Library\usr\bin;C:\Users\DELL\anaconda3\Library\bin;C:\Users\DELL\anaconda3\Scripts;C:\Users\DELL\AppData\Local\Microsoft\WindowsApps;C:\Users\DELL\AppData\Local\Programs\Microsoft VS Code\bin;C:\Users\DELL\AppData\Roaming\npm;C:\Users\DELL\AppData\Local\GitHubDesktop\bin;C:\Program Files\JetBrains\PyCharm 2024.2.4\bin;;C:\Users\DELL\AppData\Local\Google\Cloud SDK\google-cloud-sdk\bin;C:\Users\DELL\AppData\Local\Microsoft\WinGet\Links;C:\mongosh\
USERNAME=DELL
OS=Windows_NT
PROCESSOR_IDENTIFIER=Intel64 Family 6 Model 142 Stepping 12, GenuineIntel
TMP=C:\Users\DELL\AppData\Local\Temp
TEMP=C:\Users\DELL\AppData\Local\Temp




Periodic native trim disabled

---------------  S Y S T E M  ---------------

OS:
 Windows 11 , 64 bit Build 26100 (10.0.26100.7019)
OS uptime: 1 days 22:04 hours
Hyper-V role detected

CPU: total 8 (initial active 8) (4 cores per cpu, 2 threads per core) family 6 model 142 stepping 12 microcode 0xfc, cx8, cmov, fxsr, ht, mmx, 3dnowpref, sse, sse2, sse3, ssse3, sse4.1, sse4.2, popcnt, lzcnt, tsc, tscinvbit, avx, avx2, aes, erms, clmul, bmi1, bmi2, adx, fma, vzeroupper, clflush, clflushopt, hv, rdtscp, f16c
Processor Information for processor 0
  Max Mhz: 2208, Current Mhz: 1706, Mhz Limit: 1700
Processor Information for processor 1
  Max Mhz: 2208, Current Mhz: 1706, Mhz Limit: 1700
Processor Information for processor 2
  Max Mhz: 2208, Current Mhz: 1706, Mhz Limit: 1700
Processor Information for processor 3
  Max Mhz: 2208, Current Mhz: 1706, Mhz Limit: 1700
Processor Information for processor 4
  Max Mhz: 2208, Current Mhz: 1706, Mhz Limit: 1700
Processor Information for processor 5
  Max Mhz: 2208, Current Mhz: 1706, Mhz Limit: 1700
Processor Information for processor 6
  Max Mhz: 2208, Current Mhz: 1706, Mhz Limit: 1700
Processor Information for processor 7
  Max Mhz: 2208, Current Mhz: 1505, Mhz Limit: 1700

Memory: 4k page, system-wide physical 15984M (4238M free)
TotalPageFile size 15984M (AvailPageFile size 151M)
current process WorkingSet (physical memory assigned to process): 697M, peak: 697M
current process commit charge ("private bytes"): 752M, peak: 753M

vm_info: OpenJDK 64-Bit Server VM (21.0.10+7-LTS) for windows-amd64 JRE (21.0.10+7-LTS), built on 2026-01-20T00:00:00Z by "admin" with MS VC++ 17.12 (VS2022)

END.
